mode: set
github.com/extmatperez/meli_bootcamp_go_w6-2/internal/buyer/repository_mock.go:22.78,23.22 1 1
github.com/extmatperez/meli_bootcamp_go_w6-2/internal/buyer/repository_mock.go:26.2,26.20 1 1
github.com/extmatperez/meli_bootcamp_go_w6-2/internal/buyer/repository_mock.go:23.22,25.3 1 1
github.com/extmatperez/meli_bootcamp_go_w6-2/internal/buyer/repository_mock.go:30.81,33.18 2 1
github.com/extmatperez/meli_bootcamp_go_w6-2/internal/buyer/repository_mock.go:37.2,37.22 1 1
github.com/extmatperez/meli_bootcamp_go_w6-2/internal/buyer/repository_mock.go:41.2,41.31 1 1
github.com/extmatperez/meli_bootcamp_go_w6-2/internal/buyer/repository_mock.go:47.2,47.22 1 1
github.com/extmatperez/meli_bootcamp_go_w6-2/internal/buyer/repository_mock.go:50.2,50.23 1 1
github.com/extmatperez/meli_bootcamp_go_w6-2/internal/buyer/repository_mock.go:33.18,35.3 1 1
github.com/extmatperez/meli_bootcamp_go_w6-2/internal/buyer/repository_mock.go:37.22,39.3 1 1
github.com/extmatperez/meli_bootcamp_go_w6-2/internal/buyer/repository_mock.go:41.31,42.21 1 1
github.com/extmatperez/meli_bootcamp_go_w6-2/internal/buyer/repository_mock.go:42.21,44.4 1 1
github.com/extmatperez/meli_bootcamp_go_w6-2/internal/buyer/repository_mock.go:47.22,49.3 1 1
github.com/extmatperez/meli_bootcamp_go_w6-2/internal/buyer/repository_mock.go:54.80,56.21 2 1
github.com/extmatperez/meli_bootcamp_go_w6-2/internal/buyer/repository_mock.go:63.2,63.13 1 1
github.com/extmatperez/meli_bootcamp_go_w6-2/internal/buyer/repository_mock.go:56.21,57.32 1 1
github.com/extmatperez/meli_bootcamp_go_w6-2/internal/buyer/repository_mock.go:57.32,58.42 1 1
github.com/extmatperez/meli_bootcamp_go_w6-2/internal/buyer/repository_mock.go:58.42,60.5 1 1
github.com/extmatperez/meli_bootcamp_go_w6-2/internal/buyer/repository_mock.go:67.81,68.18 1 1
github.com/extmatperez/meli_bootcamp_go_w6-2/internal/buyer/repository_mock.go:71.2,71.18 1 1
github.com/extmatperez/meli_bootcamp_go_w6-2/internal/buyer/repository_mock.go:68.18,70.3 1 1
github.com/extmatperez/meli_bootcamp_go_w6-2/internal/buyer/repository_mock.go:75.76,76.18 1 1
github.com/extmatperez/meli_bootcamp_go_w6-2/internal/buyer/repository_mock.go:79.2,79.12 1 1
github.com/extmatperez/meli_bootcamp_go_w6-2/internal/buyer/repository_mock.go:76.18,78.3 1 0
github.com/extmatperez/meli_bootcamp_go_w6-2/internal/buyer/repository_mock.go:83.68,84.18 1 1
github.com/extmatperez/meli_bootcamp_go_w6-2/internal/buyer/repository_mock.go:87.2,87.12 1 1
github.com/extmatperez/meli_bootcamp_go_w6-2/internal/buyer/repository_mock.go:84.18,86.3 1 0
github.com/extmatperez/meli_bootcamp_go_w6-2/internal/buyer/service.go:22.39,26.2 1 1
github.com/extmatperez/meli_bootcamp_go_w6-2/internal/buyer/service.go:29.71,31.2 1 1
github.com/extmatperez/meli_bootcamp_go_w6-2/internal/buyer/service.go:35.83,37.46 1 1
github.com/extmatperez/meli_bootcamp_go_w6-2/internal/buyer/service.go:41.2,48.20 3 1
github.com/extmatperez/meli_bootcamp_go_w6-2/internal/buyer/service.go:52.2,54.19 2 1
github.com/extmatperez/meli_bootcamp_go_w6-2/internal/buyer/service.go:37.46,39.3 1 1
github.com/extmatperez/meli_bootcamp_go_w6-2/internal/buyer/service.go:48.20,50.3 1 1
github.com/extmatperez/meli_bootcamp_go_w6-2/internal/buyer/service.go:58.73,60.2 1 1
github.com/extmatperez/meli_bootcamp_go_w6-2/internal/buyer/service.go:63.74,65.2 1 1
github.com/extmatperez/meli_bootcamp_go_w6-2/internal/buyer/service.go:70.85,73.16 3 1
github.com/extmatperez/meli_bootcamp_go_w6-2/internal/buyer/service.go:77.2,77.23 1 1
github.com/extmatperez/meli_bootcamp_go_w6-2/internal/buyer/service.go:81.2,81.22 1 1
github.com/extmatperez/meli_bootcamp_go_w6-2/internal/buyer/service.go:85.2,85.26 1 1
github.com/extmatperez/meli_bootcamp_go_w6-2/internal/buyer/service.go:89.2,89.55 1 1
github.com/extmatperez/meli_bootcamp_go_w6-2/internal/buyer/service.go:93.2,93.18 1 1
github.com/extmatperez/meli_bootcamp_go_w6-2/internal/buyer/service.go:73.16,75.3 1 1
github.com/extmatperez/meli_bootcamp_go_w6-2/internal/buyer/service.go:77.23,79.3 1 1
github.com/extmatperez/meli_bootcamp_go_w6-2/internal/buyer/service.go:81.22,83.3 1 1
github.com/extmatperez/meli_bootcamp_go_w6-2/internal/buyer/service.go:85.26,87.3 1 1
github.com/extmatperez/meli_bootcamp_go_w6-2/internal/buyer/service.go:89.55,91.3 1 0
github.com/extmatperez/meli_bootcamp_go_w6-2/internal/buyer/service.go:98.61,101.16 2 1
github.com/extmatperez/meli_bootcamp_go_w6-2/internal/buyer/service.go:104.2,104.18 1 1
github.com/extmatperez/meli_bootcamp_go_w6-2/internal/buyer/service.go:107.2,107.37 1 1
github.com/extmatperez/meli_bootcamp_go_w6-2/internal/buyer/service.go:101.16,103.3 1 1
github.com/extmatperez/meli_bootcamp_go_w6-2/internal/buyer/service.go:104.18,106.3 1 0
github.com/extmatperez/meli_bootcamp_go_w6-2/internal/buyer/repository.go:41.43,45.2 1 0
github.com/extmatperez/meli_bootcamp_go_w6-2/internal/buyer/repository.go:47.74,49.16 2 0
github.com/extmatperez/meli_bootcamp_go_w6-2/internal/buyer/repository.go:53.2,55.18 2 0
github.com/extmatperez/meli_bootcamp_go_w6-2/internal/buyer/repository.go:61.2,61.20 1 0
github.com/extmatperez/meli_bootcamp_go_w6-2/internal/buyer/repository.go:49.16,51.3 1 0
github.com/extmatperez/meli_bootcamp_go_w6-2/internal/buyer/repository.go:55.18,59.3 3 0
github.com/extmatperez/meli_bootcamp_go_w6-2/internal/buyer/repository.go:64.77,68.16 4 0
github.com/extmatperez/meli_bootcamp_go_w6-2/internal/buyer/repository.go:77.2,77.15 1 0
github.com/extmatperez/meli_bootcamp_go_w6-2/internal/buyer/repository.go:68.16,69.14 1 0
github.com/extmatperez/meli_bootcamp_go_w6-2/internal/buyer/repository.go:70.22,71.38 1 0
github.com/extmatperez/meli_bootcamp_go_w6-2/internal/buyer/repository.go:72.11,73.38 1 0
github.com/extmatperez/meli_bootcamp_go_w6-2/internal/buyer/repository.go:80.76,84.2 3 0
github.com/extmatperez/meli_bootcamp_go_w6-2/internal/buyer/repository.go:86.77,88.16 2 0
github.com/extmatperez/meli_bootcamp_go_w6-2/internal/buyer/repository.go:92.2,93.16 2 0
github.com/extmatperez/meli_bootcamp_go_w6-2/internal/buyer/repository.go:97.2,98.16 2 0
github.com/extmatperez/meli_bootcamp_go_w6-2/internal/buyer/repository.go:102.2,102.21 1 0
github.com/extmatperez/meli_bootcamp_go_w6-2/internal/buyer/repository.go:88.16,90.3 1 0
github.com/extmatperez/meli_bootcamp_go_w6-2/internal/buyer/repository.go:93.16,95.3 1 0
github.com/extmatperez/meli_bootcamp_go_w6-2/internal/buyer/repository.go:98.16,100.3 1 0
github.com/extmatperez/meli_bootcamp_go_w6-2/internal/buyer/repository.go:105.72,107.16 2 0
github.com/extmatperez/meli_bootcamp_go_w6-2/internal/buyer/repository.go:111.2,112.16 2 0
github.com/extmatperez/meli_bootcamp_go_w6-2/internal/buyer/repository.go:116.2,117.16 2 0
github.com/extmatperez/meli_bootcamp_go_w6-2/internal/buyer/repository.go:121.2,121.12 1 0
github.com/extmatperez/meli_bootcamp_go_w6-2/internal/buyer/repository.go:107.16,109.3 1 0
github.com/extmatperez/meli_bootcamp_go_w6-2/internal/buyer/repository.go:112.16,114.3 1 0
github.com/extmatperez/meli_bootcamp_go_w6-2/internal/buyer/repository.go:117.16,119.3 1 0
github.com/extmatperez/meli_bootcamp_go_w6-2/internal/buyer/repository.go:124.64,126.16 2 0
github.com/extmatperez/meli_bootcamp_go_w6-2/internal/buyer/repository.go:130.2,131.16 2 0
github.com/extmatperez/meli_bootcamp_go_w6-2/internal/buyer/repository.go:135.2,136.16 2 0
github.com/extmatperez/meli_bootcamp_go_w6-2/internal/buyer/repository.go:140.2,140.16 1 0
github.com/extmatperez/meli_bootcamp_go_w6-2/internal/buyer/repository.go:144.2,144.12 1 0
github.com/extmatperez/meli_bootcamp_go_w6-2/internal/buyer/repository.go:126.16,128.3 1 0
github.com/extmatperez/meli_bootcamp_go_w6-2/internal/buyer/repository.go:131.16,133.3 1 0
github.com/extmatperez/meli_bootcamp_go_w6-2/internal/buyer/repository.go:136.16,138.3 1 0
github.com/extmatperez/meli_bootcamp_go_w6-2/internal/buyer/repository.go:140.16,142.3 1 0
github.com/extmatperez/meli_bootcamp_go_w6-2/internal/carry/service.go:18.39,22.2 1 1
github.com/extmatperez/meli_bootcamp_go_w6-2/internal/carry/service.go:27.153,36.16 3 1
github.com/extmatperez/meli_bootcamp_go_w6-2/internal/carry/service.go:40.2,41.19 2 1
github.com/extmatperez/meli_bootcamp_go_w6-2/internal/carry/service.go:36.16,38.3 1 1
github.com/extmatperez/meli_bootcamp_go_w6-2/internal/carry/repository.go:39.43,43.2 1 1
github.com/extmatperez/meli_bootcamp_go_w6-2/internal/carry/repository.go:45.81,47.16 2 1
github.com/extmatperez/meli_bootcamp_go_w6-2/internal/carry/repository.go:51.2,52.16 2 1
github.com/extmatperez/meli_bootcamp_go_w6-2/internal/carry/repository.go:67.2,68.16 2 1
github.com/extmatperez/meli_bootcamp_go_w6-2/internal/carry/repository.go:72.2,72.21 1 1
github.com/extmatperez/meli_bootcamp_go_w6-2/internal/carry/repository.go:47.16,49.3 1 1
github.com/extmatperez/meli_bootcamp_go_w6-2/internal/carry/repository.go:52.16,54.9 2 1
github.com/extmatperez/meli_bootcamp_go_w6-2/internal/carry/repository.go:64.3,64.24 1 1
github.com/extmatperez/meli_bootcamp_go_w6-2/internal/carry/repository.go:54.9,55.29 1 1
github.com/extmatperez/meli_bootcamp_go_w6-2/internal/carry/repository.go:56.33,57.30 1 1
github.com/extmatperez/meli_bootcamp_go_w6-2/internal/carry/repository.go:58.29,59.26 1 1
github.com/extmatperez/meli_bootcamp_go_w6-2/internal/carry/repository.go:60.30,61.31 1 1
github.com/extmatperez/meli_bootcamp_go_w6-2/internal/carry/repository.go:68.16,70.3 1 1
github.com/extmatperez/meli_bootcamp_go_w6-2/internal/carry/repository_mock.go:13.79,14.24 1 1
github.com/extmatperez/meli_bootcamp_go_w6-2/internal/carry/repository_mock.go:17.2,17.15 1 1
github.com/extmatperez/meli_bootcamp_go_w6-2/internal/carry/repository_mock.go:14.24,16.3 1 1
github.com/extmatperez/meli_bootcamp_go_w6-2/internal/employee/service.go:39.42,43.2 1 1
github.com/extmatperez/meli_bootcamp_go_w6-2/internal/employee/service.go:45.80,48.16 2 1
github.com/extmatperez/meli_bootcamp_go_w6-2/internal/employee/service.go:52.2,52.23 1 1
github.com/extmatperez/meli_bootcamp_go_w6-2/internal/employee/service.go:48.16,50.3 1 1
github.com/extmatperez/meli_bootcamp_go_w6-2/internal/employee/service.go:55.83,59.45 3 1
github.com/extmatperez/meli_bootcamp_go_w6-2/internal/employee/service.go:62.2,62.16 1 1
github.com/extmatperez/meli_bootcamp_go_w6-2/internal/employee/service.go:66.2,66.22 1 1
github.com/extmatperez/meli_bootcamp_go_w6-2/internal/employee/service.go:59.45,61.3 1 1
github.com/extmatperez/meli_bootcamp_go_w6-2/internal/employee/service.go:62.16,64.3 1 0
github.com/extmatperez/meli_bootcamp_go_w6-2/internal/employee/service.go:69.102,70.59 1 1
github.com/extmatperez/meli_bootcamp_go_w6-2/internal/employee/service.go:74.2,78.16 3 1
github.com/extmatperez/meli_bootcamp_go_w6-2/internal/employee/service.go:87.2,87.22 1 1
github.com/extmatperez/meli_bootcamp_go_w6-2/internal/employee/service.go:70.59,72.3 1 1
github.com/extmatperez/meli_bootcamp_go_w6-2/internal/employee/service.go:78.16,79.22 1 0
github.com/extmatperez/meli_bootcamp_go_w6-2/internal/employee/service.go:80.40,81.53 1 0
github.com/extmatperez/meli_bootcamp_go_w6-2/internal/employee/service.go:82.11,83.49 1 0
github.com/extmatperez/meli_bootcamp_go_w6-2/internal/employee/service.go:90.104,93.16 2 1
github.com/extmatperez/meli_bootcamp_go_w6-2/internal/employee/service.go:97.2,97.30 1 1
github.com/extmatperez/meli_bootcamp_go_w6-2/internal/employee/service.go:100.2,100.29 1 1
github.com/extmatperez/meli_bootcamp_go_w6-2/internal/employee/service.go:103.2,103.30 1 1
github.com/extmatperez/meli_bootcamp_go_w6-2/internal/employee/service.go:107.2,109.16 2 1
github.com/extmatperez/meli_bootcamp_go_w6-2/internal/employee/service.go:113.2,113.29 1 1
github.com/extmatperez/meli_bootcamp_go_w6-2/internal/employee/service.go:93.16,95.3 1 1
github.com/extmatperez/meli_bootcamp_go_w6-2/internal/employee/service.go:97.30,99.3 1 1
github.com/extmatperez/meli_bootcamp_go_w6-2/internal/employee/service.go:100.29,102.3 1 1
github.com/extmatperez/meli_bootcamp_go_w6-2/internal/employee/service.go:103.30,105.3 1 1
github.com/extmatperez/meli_bootcamp_go_w6-2/internal/employee/service.go:109.16,111.3 1 0
github.com/extmatperez/meli_bootcamp_go_w6-2/internal/employee/service.go:116.67,119.16 2 1
github.com/extmatperez/meli_bootcamp_go_w6-2/internal/employee/service.go:127.2,127.12 1 1
github.com/extmatperez/meli_bootcamp_go_w6-2/internal/employee/service.go:119.16,120.49 1 1
github.com/extmatperez/meli_bootcamp_go_w6-2/internal/employee/service.go:120.49,122.4 1 1
github.com/extmatperez/meli_bootcamp_go_w6-2/internal/employee/service.go:122.9,124.4 1 0
github.com/extmatperez/meli_bootcamp_go_w6-2/internal/employee/repository.go:45.43,49.2 1 1
github.com/extmatperez/meli_bootcamp_go_w6-2/internal/employee/repository.go:51.77,53.16 2 1
github.com/extmatperez/meli_bootcamp_go_w6-2/internal/employee/repository.go:57.2,59.18 2 1
github.com/extmatperez/meli_bootcamp_go_w6-2/internal/employee/repository.go:65.2,65.23 1 1
github.com/extmatperez/meli_bootcamp_go_w6-2/internal/employee/repository.go:53.16,55.3 1 0
github.com/extmatperez/meli_bootcamp_go_w6-2/internal/employee/repository.go:59.18,63.3 3 1
github.com/extmatperez/meli_bootcamp_go_w6-2/internal/employee/repository.go:68.80,72.16 4 1
github.com/extmatperez/meli_bootcamp_go_w6-2/internal/employee/repository.go:76.2,76.15 1 1
github.com/extmatperez/meli_bootcamp_go_w6-2/internal/employee/repository.go:72.16,74.3 1 1
github.com/extmatperez/meli_bootcamp_go_w6-2/internal/employee/repository.go:79.76,83.2 3 1
github.com/extmatperez/meli_bootcamp_go_w6-2/internal/employee/repository.go:85.80,87.16 2 1
github.com/extmatperez/meli_bootcamp_go_w6-2/internal/employee/repository.go:91.2,93.16 2 1
github.com/extmatperez/meli_bootcamp_go_w6-2/internal/employee/repository.go:106.2,107.16 2 1
github.com/extmatperez/meli_bootcamp_go_w6-2/internal/employee/repository.go:111.2,111.21 1 1
github.com/extmatperez/meli_bootcamp_go_w6-2/internal/employee/repository.go:87.16,89.3 1 1
github.com/extmatperez/meli_bootcamp_go_w6-2/internal/employee/repository.go:93.16,95.9 2 1
github.com/extmatperez/meli_bootcamp_go_w6-2/internal/employee/repository.go:103.3,103.16 1 1
github.com/extmatperez/meli_bootcamp_go_w6-2/internal/employee/repository.go:95.9,96.26 1 0
github.com/extmatperez/meli_bootcamp_go_w6-2/internal/employee/repository.go:97.30,98.56 1 0
github.com/extmatperez/meli_bootcamp_go_w6-2/internal/employee/repository.go:98.56,100.6 1 0
github.com/extmatperez/meli_bootcamp_go_w6-2/internal/employee/repository.go:107.16,109.3 1 0
github.com/extmatperez/meli_bootcamp_go_w6-2/internal/employee/repository.go:114.75,116.16 2 1
github.com/extmatperez/meli_bootcamp_go_w6-2/internal/employee/repository.go:120.2,121.16 2 1
github.com/extmatperez/meli_bootcamp_go_w6-2/internal/employee/repository.go:125.2,126.16 2 1
github.com/extmatperez/meli_bootcamp_go_w6-2/internal/employee/repository.go:130.2,130.12 1 1
github.com/extmatperez/meli_bootcamp_go_w6-2/internal/employee/repository.go:116.16,118.3 1 1
github.com/extmatperez/meli_bootcamp_go_w6-2/internal/employee/repository.go:121.16,123.3 1 1
github.com/extmatperez/meli_bootcamp_go_w6-2/internal/employee/repository.go:126.16,128.3 1 0
github.com/extmatperez/meli_bootcamp_go_w6-2/internal/employee/repository.go:133.64,135.16 2 1
github.com/extmatperez/meli_bootcamp_go_w6-2/internal/employee/repository.go:139.2,140.16 2 1
github.com/extmatperez/meli_bootcamp_go_w6-2/internal/employee/repository.go:144.2,145.16 2 1
github.com/extmatperez/meli_bootcamp_go_w6-2/internal/employee/repository.go:149.2,149.16 1 1
github.com/extmatperez/meli_bootcamp_go_w6-2/internal/employee/repository.go:153.2,153.12 1 1
github.com/extmatperez/meli_bootcamp_go_w6-2/internal/employee/repository.go:135.16,137.3 1 1
github.com/extmatperez/meli_bootcamp_go_w6-2/internal/employee/repository.go:140.16,142.3 1 1
github.com/extmatperez/meli_bootcamp_go_w6-2/internal/employee/repository.go:145.16,147.3 1 0
github.com/extmatperez/meli_bootcamp_go_w6-2/internal/employee/repository.go:149.16,151.3 1 0
github.com/extmatperez/meli_bootcamp_go_w6-2/internal/employee/repository_fake.go:14.94,15.37 1 1
github.com/extmatperez/meli_bootcamp_go_w6-2/internal/employee/repository_fake.go:18.2,18.37 1 1
github.com/extmatperez/meli_bootcamp_go_w6-2/internal/employee/repository_fake.go:15.37,17.3 1 1
github.com/extmatperez/meli_bootcamp_go_w6-2/internal/employee/repository_fake.go:21.97,22.51 1 1
github.com/extmatperez/meli_bootcamp_go_w6-2/internal/employee/repository_fake.go:27.2,27.52 1 1
github.com/extmatperez/meli_bootcamp_go_w6-2/internal/employee/repository_fake.go:22.51,23.24 1 1
github.com/extmatperez/meli_bootcamp_go_w6-2/internal/employee/repository_fake.go:23.24,25.4 1 1
github.com/extmatperez/meli_bootcamp_go_w6-2/internal/employee/repository_fake.go:30.93,31.51 1 1
github.com/extmatperez/meli_bootcamp_go_w6-2/internal/employee/repository_fake.go:36.2,36.14 1 1
github.com/extmatperez/meli_bootcamp_go_w6-2/internal/employee/repository_fake.go:31.51,32.44 1 1
github.com/extmatperez/meli_bootcamp_go_w6-2/internal/employee/repository_fake.go:32.44,34.4 1 1
github.com/extmatperez/meli_bootcamp_go_w6-2/internal/employee/repository_fake.go:39.107,40.58 1 1
github.com/extmatperez/meli_bootcamp_go_w6-2/internal/employee/repository_fake.go:44.2,47.28 4 1
github.com/extmatperez/meli_bootcamp_go_w6-2/internal/employee/repository_fake.go:40.58,42.3 1 0
github.com/extmatperez/meli_bootcamp_go_w6-2/internal/employee/repository_fake.go:50.106,51.51 1 1
github.com/extmatperez/meli_bootcamp_go_w6-2/internal/employee/repository_fake.go:57.2,57.33 1 0
github.com/extmatperez/meli_bootcamp_go_w6-2/internal/employee/repository_fake.go:51.51,52.40 1 1
github.com/extmatperez/meli_bootcamp_go_w6-2/internal/employee/repository_fake.go:52.40,55.4 2 1
github.com/extmatperez/meli_bootcamp_go_w6-2/internal/employee/repository_fake.go:60.81,61.51 1 1
github.com/extmatperez/meli_bootcamp_go_w6-2/internal/employee/repository_fake.go:67.2,67.33 1 1
github.com/extmatperez/meli_bootcamp_go_w6-2/internal/employee/repository_fake.go:61.51,62.24 1 1
github.com/extmatperez/meli_bootcamp_go_w6-2/internal/employee/repository_fake.go:62.24,65.4 2 1
github.com/extmatperez/meli_bootcamp_go_w6-2/internal/employee/repository_fake.go:70.52,73.38 2 1
github.com/extmatperez/meli_bootcamp_go_w6-2/internal/employee/repository_fake.go:77.2,78.15 2 1
github.com/extmatperez/meli_bootcamp_go_w6-2/internal/employee/repository_fake.go:73.38,75.3 1 1
github.com/extmatperez/meli_bootcamp_go_w6-2/internal/inbound_order/repository.go:52.43,56.2 1 1
github.com/extmatperez/meli_bootcamp_go_w6-2/internal/inbound_order/repository.go:58.116,61.16 2 1
github.com/extmatperez/meli_bootcamp_go_w6-2/internal/inbound_order/repository.go:65.2,67.18 2 1
github.com/extmatperez/meli_bootcamp_go_w6-2/internal/inbound_order/repository.go:74.2,74.23 1 1
github.com/extmatperez/meli_bootcamp_go_w6-2/internal/inbound_order/repository.go:61.16,63.3 1 0
github.com/extmatperez/meli_bootcamp_go_w6-2/internal/inbound_order/repository.go:67.18,72.3 3 1
github.com/extmatperez/meli_bootcamp_go_w6-2/internal/inbound_order/repository.go:77.118,83.16 4 1
github.com/extmatperez/meli_bootcamp_go_w6-2/internal/inbound_order/repository.go:87.2,87.22 1 1
github.com/extmatperez/meli_bootcamp_go_w6-2/internal/inbound_order/repository.go:83.16,85.3 1 1
github.com/extmatperez/meli_bootcamp_go_w6-2/internal/inbound_order/repository.go:90.95,93.16 2 1
github.com/extmatperez/meli_bootcamp_go_w6-2/internal/inbound_order/repository.go:97.2,97.36 1 1
github.com/extmatperez/meli_bootcamp_go_w6-2/internal/inbound_order/repository.go:101.2,104.16 2 1
github.com/extmatperez/meli_bootcamp_go_w6-2/internal/inbound_order/repository.go:125.2,127.16 2 1
github.com/extmatperez/meli_bootcamp_go_w6-2/internal/inbound_order/repository.go:131.2,131.21 1 1
github.com/extmatperez/meli_bootcamp_go_w6-2/internal/inbound_order/repository.go:93.16,95.3 1 0
github.com/extmatperez/meli_bootcamp_go_w6-2/internal/inbound_order/repository.go:97.36,99.3 1 1
github.com/extmatperez/meli_bootcamp_go_w6-2/internal/inbound_order/repository.go:104.16,106.9 2 1
github.com/extmatperez/meli_bootcamp_go_w6-2/internal/inbound_order/repository.go:122.3,122.16 1 1
github.com/extmatperez/meli_bootcamp_go_w6-2/internal/inbound_order/repository.go:106.9,107.26 1 0
github.com/extmatperez/meli_bootcamp_go_w6-2/internal/inbound_order/repository.go:108.30,109.55 1 0
github.com/extmatperez/meli_bootcamp_go_w6-2/internal/inbound_order/repository.go:112.5,112.56 1 0
github.com/extmatperez/meli_bootcamp_go_w6-2/internal/inbound_order/repository.go:115.5,115.61 1 0
github.com/extmatperez/meli_bootcamp_go_w6-2/internal/inbound_order/repository.go:118.32,119.43 1 0
github.com/extmatperez/meli_bootcamp_go_w6-2/internal/inbound_order/repository.go:109.55,111.6 1 0
github.com/extmatperez/meli_bootcamp_go_w6-2/internal/inbound_order/repository.go:112.56,114.6 1 0
github.com/extmatperez/meli_bootcamp_go_w6-2/internal/inbound_order/repository.go:115.61,117.6 1 0
github.com/extmatperez/meli_bootcamp_go_w6-2/internal/inbound_order/repository.go:127.16,129.3 1 0
github.com/extmatperez/meli_bootcamp_go_w6-2/internal/inbound_order/repository_mock.go:23.133,24.43 1 1
github.com/extmatperez/meli_bootcamp_go_w6-2/internal/inbound_order/repository_mock.go:28.2,28.52 1 1
github.com/extmatperez/meli_bootcamp_go_w6-2/internal/inbound_order/repository_mock.go:24.43,26.3 1 1
github.com/extmatperez/meli_bootcamp_go_w6-2/internal/inbound_order/repository_mock.go:31.135,32.40 1 1
github.com/extmatperez/meli_bootcamp_go_w6-2/internal/inbound_order/repository_mock.go:36.2,36.53 1 1
github.com/extmatperez/meli_bootcamp_go_w6-2/internal/inbound_order/repository_mock.go:40.2,40.72 1 0
github.com/extmatperez/meli_bootcamp_go_w6-2/internal/inbound_order/repository_mock.go:32.40,34.3 1 1
github.com/extmatperez/meli_bootcamp_go_w6-2/internal/inbound_order/repository_mock.go:36.53,38.3 1 1
github.com/extmatperez/meli_bootcamp_go_w6-2/internal/inbound_order/repository_mock.go:43.115,44.41 1 1
github.com/extmatperez/meli_bootcamp_go_w6-2/internal/inbound_order/repository_mock.go:48.2,48.53 1 1
github.com/extmatperez/meli_bootcamp_go_w6-2/internal/inbound_order/repository_mock.go:52.2,52.47 1 1
github.com/extmatperez/meli_bootcamp_go_w6-2/internal/inbound_order/repository_mock.go:56.2,56.48 1 1
github.com/extmatperez/meli_bootcamp_go_w6-2/internal/inbound_order/repository_mock.go:60.2,60.51 1 1
github.com/extmatperez/meli_bootcamp_go_w6-2/internal/inbound_order/repository_mock.go:64.2,64.50 1 1
github.com/extmatperez/meli_bootcamp_go_w6-2/internal/inbound_order/repository_mock.go:68.2,70.32 3 1
github.com/extmatperez/meli_bootcamp_go_w6-2/internal/inbound_order/repository_mock.go:44.41,46.3 1 1
github.com/extmatperez/meli_bootcamp_go_w6-2/internal/inbound_order/repository_mock.go:48.53,50.3 1 1
github.com/extmatperez/meli_bootcamp_go_w6-2/internal/inbound_order/repository_mock.go:52.47,54.3 1 1
github.com/extmatperez/meli_bootcamp_go_w6-2/internal/inbound_order/repository_mock.go:56.48,58.3 1 0
github.com/extmatperez/meli_bootcamp_go_w6-2/internal/inbound_order/repository_mock.go:60.51,62.3 1 0
github.com/extmatperez/meli_bootcamp_go_w6-2/internal/inbound_order/repository_mock.go:64.50,66.3 1 1
github.com/extmatperez/meli_bootcamp_go_w6-2/internal/inbound_order/service.go:34.42,38.2 1 1
github.com/extmatperez/meli_bootcamp_go_w6-2/internal/inbound_order/service.go:40.119,43.16 2 1
github.com/extmatperez/meli_bootcamp_go_w6-2/internal/inbound_order/service.go:47.2,47.23 1 1
github.com/extmatperez/meli_bootcamp_go_w6-2/internal/inbound_order/service.go:43.16,45.3 1 1
github.com/extmatperez/meli_bootcamp_go_w6-2/internal/inbound_order/service.go:50.121,54.45 3 1
github.com/extmatperez/meli_bootcamp_go_w6-2/internal/inbound_order/service.go:57.2,57.16 1 1
github.com/extmatperez/meli_bootcamp_go_w6-2/internal/inbound_order/service.go:61.2,61.22 1 1
github.com/extmatperez/meli_bootcamp_go_w6-2/internal/inbound_order/service.go:54.45,56.3 1 1
github.com/extmatperez/meli_bootcamp_go_w6-2/internal/inbound_order/service.go:57.16,59.3 1 0
github.com/extmatperez/meli_bootcamp_go_w6-2/internal/inbound_order/service.go:64.114,69.16 3 1
github.com/extmatperez/meli_bootcamp_go_w6-2/internal/inbound_order/service.go:86.2,86.26 1 1
github.com/extmatperez/meli_bootcamp_go_w6-2/internal/inbound_order/service.go:69.16,70.22 1 1
github.com/extmatperez/meli_bootcamp_go_w6-2/internal/inbound_order/service.go:71.36,72.53 1 1
github.com/extmatperez/meli_bootcamp_go_w6-2/internal/inbound_order/service.go:73.39,74.56 1 1
github.com/extmatperez/meli_bootcamp_go_w6-2/internal/inbound_order/service.go:75.40,76.57 1 1
github.com/extmatperez/meli_bootcamp_go_w6-2/internal/inbound_order/service.go:77.43,78.60 1 1
github.com/extmatperez/meli_bootcamp_go_w6-2/internal/inbound_order/service.go:79.45,80.62 1 1
github.com/extmatperez/meli_bootcamp_go_w6-2/internal/inbound_order/service.go:81.11,82.57 1 1
github.com/extmatperez/meli_bootcamp_go_w6-2/internal/locality/repository.go:36.43,40.2 1 1
github.com/extmatperez/meli_bootcamp_go_w6-2/internal/locality/repository.go:53.89,55.16 2 1
github.com/extmatperez/meli_bootcamp_go_w6-2/internal/locality/repository.go:59.2,61.18 2 1
github.com/extmatperez/meli_bootcamp_go_w6-2/internal/locality/repository.go:69.2,69.20 1 1
github.com/extmatperez/meli_bootcamp_go_w6-2/internal/locality/repository.go:55.16,57.3 1 1
github.com/extmatperez/meli_bootcamp_go_w6-2/internal/locality/repository.go:61.18,64.17 3 1
github.com/extmatperez/meli_bootcamp_go_w6-2/internal/locality/repository.go:67.3,67.31 1 1
github.com/extmatperez/meli_bootcamp_go_w6-2/internal/locality/repository.go:64.17,66.4 1 1
github.com/extmatperez/meli_bootcamp_go_w6-2/internal/locality/repository.go:72.112,76.16 4 1
github.com/extmatperez/meli_bootcamp_go_w6-2/internal/locality/repository.go:85.2,85.44 1 1
github.com/extmatperez/meli_bootcamp_go_w6-2/internal/locality/repository.go:76.16,77.14 1 1
github.com/extmatperez/meli_bootcamp_go_w6-2/internal/locality/repository.go:78.22,79.27 1 1
github.com/extmatperez/meli_bootcamp_go_w6-2/internal/locality/repository.go:80.11,81.27 1 1
github.com/extmatperez/meli_bootcamp_go_w6-2/internal/locality/repository.go:88.89,90.16 2 1
github.com/extmatperez/meli_bootcamp_go_w6-2/internal/locality/repository.go:94.2,96.18 2 1
github.com/extmatperez/meli_bootcamp_go_w6-2/internal/locality/repository.go:104.2,104.20 1 1
github.com/extmatperez/meli_bootcamp_go_w6-2/internal/locality/repository.go:90.16,92.3 1 1
github.com/extmatperez/meli_bootcamp_go_w6-2/internal/locality/repository.go:96.18,99.17 3 1
github.com/extmatperez/meli_bootcamp_go_w6-2/internal/locality/repository.go:102.3,102.31 1 1
github.com/extmatperez/meli_bootcamp_go_w6-2/internal/locality/repository.go:99.17,101.4 1 1
github.com/extmatperez/meli_bootcamp_go_w6-2/internal/locality/repository.go:107.112,112.16 4 1
github.com/extmatperez/meli_bootcamp_go_w6-2/internal/locality/repository.go:121.2,121.44 1 1
github.com/extmatperez/meli_bootcamp_go_w6-2/internal/locality/repository.go:112.16,113.14 1 1
github.com/extmatperez/meli_bootcamp_go_w6-2/internal/locality/repository.go:114.22,115.27 1 1
github.com/extmatperez/meli_bootcamp_go_w6-2/internal/locality/repository.go:116.11,117.27 1 1
github.com/extmatperez/meli_bootcamp_go_w6-2/internal/locality/repository.go:124.66,128.2 3 1
github.com/extmatperez/meli_bootcamp_go_w6-2/internal/locality/repository.go:130.83,132.16 2 1
github.com/extmatperez/meli_bootcamp_go_w6-2/internal/locality/repository.go:136.2,137.16 2 1
github.com/extmatperez/meli_bootcamp_go_w6-2/internal/locality/repository.go:148.2,148.18 1 1
github.com/extmatperez/meli_bootcamp_go_w6-2/internal/locality/repository.go:132.16,134.3 1 1
github.com/extmatperez/meli_bootcamp_go_w6-2/internal/locality/repository.go:137.16,139.9 2 1
github.com/extmatperez/meli_bootcamp_go_w6-2/internal/locality/repository.go:145.3,145.26 1 1
github.com/extmatperez/meli_bootcamp_go_w6-2/internal/locality/repository.go:139.9,140.29 1 1
github.com/extmatperez/meli_bootcamp_go_w6-2/internal/locality/repository.go:141.41,142.40 1 1
github.com/extmatperez/meli_bootcamp_go_w6-2/internal/locality/repository.go:151.83,155.16 4 1
github.com/extmatperez/meli_bootcamp_go_w6-2/internal/locality/repository.go:164.2,164.15 1 1
github.com/extmatperez/meli_bootcamp_go_w6-2/internal/locality/repository.go:155.16,156.14 1 1
github.com/extmatperez/meli_bootcamp_go_w6-2/internal/locality/repository.go:157.22,158.41 1 1
github.com/extmatperez/meli_bootcamp_go_w6-2/internal/locality/repository.go:159.11,160.41 1 1
github.com/extmatperez/meli_bootcamp_go_w6-2/internal/locality/service.go:21.39,25.2 1 1
github.com/extmatperez/meli_bootcamp_go_w6-2/internal/locality/service.go:27.107,28.24 1 1
github.com/extmatperez/meli_bootcamp_go_w6-2/internal/locality/service.go:31.2,31.40 1 1
github.com/extmatperez/meli_bootcamp_go_w6-2/internal/locality/service.go:28.24,30.3 1 1
github.com/extmatperez/meli_bootcamp_go_w6-2/internal/locality/service.go:34.118,35.24 1 1
github.com/extmatperez/meli_bootcamp_go_w6-2/internal/locality/service.go:40.2,41.8 2 1
github.com/extmatperez/meli_bootcamp_go_w6-2/internal/locality/service.go:35.24,38.3 2 1
github.com/extmatperez/meli_bootcamp_go_w6-2/internal/locality/service.go:45.104,46.43 1 1
github.com/extmatperez/meli_bootcamp_go_w6-2/internal/locality/service.go:51.2,59.16 3 1
github.com/extmatperez/meli_bootcamp_go_w6-2/internal/locality/service.go:63.2,63.8 1 1
github.com/extmatperez/meli_bootcamp_go_w6-2/internal/locality/service.go:46.43,49.3 2 1
github.com/extmatperez/meli_bootcamp_go_w6-2/internal/locality/service.go:59.16,61.3 1 1
github.com/extmatperez/meli_bootcamp_go_w6-2/internal/locality/service.go:67.86,70.2 2 1
github.com/extmatperez/meli_bootcamp_go_w6-2/cmd/server/handler/product_record.go:25.70,29.2 1 1
github.com/extmatperez/meli_bootcamp_go_w6-2/cmd/server/handler/product_record.go:44.51,45.32 1 1
github.com/extmatperez/meli_bootcamp_go_w6-2/cmd/server/handler/product_record.go:45.32,47.71 2 1
github.com/extmatperez/meli_bootcamp_go_w6-2/cmd/server/handler/product_record.go:59.3,60.20 2 1
github.com/extmatperez/meli_bootcamp_go_w6-2/cmd/server/handler/product_record.go:64.3,66.58 3 1
github.com/extmatperez/meli_bootcamp_go_w6-2/cmd/server/handler/product_record.go:70.3,71.21 2 1
github.com/extmatperez/meli_bootcamp_go_w6-2/cmd/server/handler/product_record.go:83.3,83.45 1 1
github.com/extmatperez/meli_bootcamp_go_w6-2/cmd/server/handler/product_record.go:47.71,48.22 1 1
github.com/extmatperez/meli_bootcamp_go_w6-2/cmd/server/handler/product_record.go:57.4,57.10 1 1
github.com/extmatperez/meli_bootcamp_go_w6-2/cmd/server/handler/product_record.go:49.36,50.64 1 1
github.com/extmatperez/meli_bootcamp_go_w6-2/cmd/server/handler/product_record.go:51.34,52.64 1 1
github.com/extmatperez/meli_bootcamp_go_w6-2/cmd/server/handler/product_record.go:53.12,55.55 1 1
github.com/extmatperez/meli_bootcamp_go_w6-2/cmd/server/handler/product_record.go:60.20,63.4 2 1
github.com/extmatperez/meli_bootcamp_go_w6-2/cmd/server/handler/product_record.go:66.58,69.4 2 1
github.com/extmatperez/meli_bootcamp_go_w6-2/cmd/server/handler/product_record.go:71.21,72.19 1 1
github.com/extmatperez/meli_bootcamp_go_w6-2/cmd/server/handler/product_record.go:81.4,81.10 1 1
github.com/extmatperez/meli_bootcamp_go_w6-2/cmd/server/handler/product_record.go:73.53,74.57 1 1
github.com/extmatperez/meli_bootcamp_go_w6-2/cmd/server/handler/product_record.go:75.43,76.84 1 1
github.com/extmatperez/meli_bootcamp_go_w6-2/cmd/server/handler/product_record.go:77.12,79.55 1 1
github.com/extmatperez/meli_bootcamp_go_w6-2/cmd/server/handler/purchase_orders.go:18.66,22.2 1 1
github.com/extmatperez/meli_bootcamp_go_w6-2/cmd/server/handler/purchase_orders.go:36.56,37.30 1 1
github.com/extmatperez/meli_bootcamp_go_w6-2/cmd/server/handler/purchase_orders.go:37.30,39.48 2 1
github.com/extmatperez/meli_bootcamp_go_w6-2/cmd/server/handler/purchase_orders.go:44.3,45.23 2 1
github.com/extmatperez/meli_bootcamp_go_w6-2/cmd/server/handler/purchase_orders.go:58.3,58.41 1 1
github.com/extmatperez/meli_bootcamp_go_w6-2/cmd/server/handler/purchase_orders.go:39.48,42.4 2 1
github.com/extmatperez/meli_bootcamp_go_w6-2/cmd/server/handler/purchase_orders.go:45.23,46.29 1 1
github.com/extmatperez/meli_bootcamp_go_w6-2/cmd/server/handler/purchase_orders.go:56.4,56.10 1 1
github.com/extmatperez/meli_bootcamp_go_w6-2/cmd/server/handler/purchase_orders.go:47.49,48.57 1 1
github.com/extmatperez/meli_bootcamp_go_w6-2/cmd/server/handler/purchase_orders.go:49.48,50.57 1 1
github.com/extmatperez/meli_bootcamp_go_w6-2/cmd/server/handler/purchase_orders.go:51.44,52.68 1 1
github.com/extmatperez/meli_bootcamp_go_w6-2/cmd/server/handler/purchase_orders.go:53.12,54.68 1 1
github.com/extmatperez/meli_bootcamp_go_w6-2/cmd/server/handler/purchase_orders.go:70.65,71.30 1 1
github.com/extmatperez/meli_bootcamp_go_w6-2/cmd/server/handler/purchase_orders.go:71.30,75.15 4 1
github.com/extmatperez/meli_bootcamp_go_w6-2/cmd/server/handler/purchase_orders.go:86.3,86.20 1 1
github.com/extmatperez/meli_bootcamp_go_w6-2/cmd/server/handler/purchase_orders.go:100.3,100.38 1 1
github.com/extmatperez/meli_bootcamp_go_w6-2/cmd/server/handler/purchase_orders.go:75.15,77.20 2 1
github.com/extmatperez/meli_bootcamp_go_w6-2/cmd/server/handler/purchase_orders.go:81.4,81.52 1 1
github.com/extmatperez/meli_bootcamp_go_w6-2/cmd/server/handler/purchase_orders.go:77.20,80.5 2 1
github.com/extmatperez/meli_bootcamp_go_w6-2/cmd/server/handler/purchase_orders.go:83.9,85.4 1 1
github.com/extmatperez/meli_bootcamp_go_w6-2/cmd/server/handler/purchase_orders.go:86.20,87.18 1 1
github.com/extmatperez/meli_bootcamp_go_w6-2/cmd/server/handler/purchase_orders.go:88.36,90.11 2 0
github.com/extmatperez/meli_bootcamp_go_w6-2/cmd/server/handler/purchase_orders.go:91.12,93.11 2 1
github.com/extmatperez/meli_bootcamp_go_w6-2/cmd/server/handler/section.go:18.45,22.2 1 1
github.com/extmatperez/meli_bootcamp_go_w6-2/cmd/server/handler/section.go:32.44,33.30 1 1
github.com/extmatperez/meli_bootcamp_go_w6-2/cmd/server/handler/section.go:33.30,35.17 2 1
github.com/extmatperez/meli_bootcamp_go_w6-2/cmd/server/handler/section.go:40.3,40.18 1 1
github.com/extmatperez/meli_bootcamp_go_w6-2/cmd/server/handler/section.go:44.3,44.38 1 1
github.com/extmatperez/meli_bootcamp_go_w6-2/cmd/server/handler/section.go:35.17,38.4 2 0
github.com/extmatperez/meli_bootcamp_go_w6-2/cmd/server/handler/section.go:40.18,43.4 2 0
github.com/extmatperez/meli_bootcamp_go_w6-2/cmd/server/handler/section.go:59.41,60.30 1 1
github.com/extmatperez/meli_bootcamp_go_w6-2/cmd/server/handler/section.go:60.30,63.17 3 1
github.com/extmatperez/meli_bootcamp_go_w6-2/cmd/server/handler/section.go:67.3,68.17 2 1
github.com/extmatperez/meli_bootcamp_go_w6-2/cmd/server/handler/section.go:78.3,78.38 1 1
github.com/extmatperez/meli_bootcamp_go_w6-2/cmd/server/handler/section.go:63.17,66.4 2 1
github.com/extmatperez/meli_bootcamp_go_w6-2/cmd/server/handler/section.go:68.17,69.15 1 1
github.com/extmatperez/meli_bootcamp_go_w6-2/cmd/server/handler/section.go:76.4,76.10 1 1
github.com/extmatperez/meli_bootcamp_go_w6-2/cmd/server/handler/section.go:71.29,72.91 1 1
github.com/extmatperez/meli_bootcamp_go_w6-2/cmd/server/handler/section.go:73.12,74.62 1 0
github.com/extmatperez/meli_bootcamp_go_w6-2/cmd/server/handler/section.go:93.44,94.30 1 1
github.com/extmatperez/meli_bootcamp_go_w6-2/cmd/server/handler/section.go:94.30,96.44 2 1
github.com/extmatperez/meli_bootcamp_go_w6-2/cmd/server/handler/section.go:100.3,101.17 2 1
github.com/extmatperez/meli_bootcamp_go_w6-2/cmd/server/handler/section.go:111.3,111.42 1 1
github.com/extmatperez/meli_bootcamp_go_w6-2/cmd/server/handler/section.go:96.44,99.4 2 1
github.com/extmatperez/meli_bootcamp_go_w6-2/cmd/server/handler/section.go:101.17,102.15 1 1
github.com/extmatperez/meli_bootcamp_go_w6-2/cmd/server/handler/section.go:103.34,105.11 2 1
github.com/extmatperez/meli_bootcamp_go_w6-2/cmd/server/handler/section.go:106.12,108.11 2 0
github.com/extmatperez/meli_bootcamp_go_w6-2/cmd/server/handler/section.go:127.44,128.30 1 1
github.com/extmatperez/meli_bootcamp_go_w6-2/cmd/server/handler/section.go:128.30,131.17 3 1
github.com/extmatperez/meli_bootcamp_go_w6-2/cmd/server/handler/section.go:135.3,136.44 2 1
github.com/extmatperez/meli_bootcamp_go_w6-2/cmd/server/handler/section.go:140.3,141.36 2 1
github.com/extmatperez/meli_bootcamp_go_w6-2/cmd/server/handler/section.go:146.3,146.36 1 1
github.com/extmatperez/meli_bootcamp_go_w6-2/cmd/server/handler/section.go:151.3,152.17 2 1
github.com/extmatperez/meli_bootcamp_go_w6-2/cmd/server/handler/section.go:164.3,164.38 1 1
github.com/extmatperez/meli_bootcamp_go_w6-2/cmd/server/handler/section.go:131.17,134.4 2 1
github.com/extmatperez/meli_bootcamp_go_w6-2/cmd/server/handler/section.go:136.44,139.4 2 1
github.com/extmatperez/meli_bootcamp_go_w6-2/cmd/server/handler/section.go:141.36,143.4 1 1
github.com/extmatperez/meli_bootcamp_go_w6-2/cmd/server/handler/section.go:143.9,145.4 1 1
github.com/extmatperez/meli_bootcamp_go_w6-2/cmd/server/handler/section.go:146.36,148.4 1 1
github.com/extmatperez/meli_bootcamp_go_w6-2/cmd/server/handler/section.go:148.9,150.4 1 1
github.com/extmatperez/meli_bootcamp_go_w6-2/cmd/server/handler/section.go:152.17,153.15 1 1
github.com/extmatperez/meli_bootcamp_go_w6-2/cmd/server/handler/section.go:162.4,162.10 1 1
github.com/extmatperez/meli_bootcamp_go_w6-2/cmd/server/handler/section.go:154.29,155.91 1 1
github.com/extmatperez/meli_bootcamp_go_w6-2/cmd/server/handler/section.go:156.34,158.11 2 1
github.com/extmatperez/meli_bootcamp_go_w6-2/cmd/server/handler/section.go:159.12,160.62 1 0
github.com/extmatperez/meli_bootcamp_go_w6-2/cmd/server/handler/section.go:179.44,180.30 1 1
github.com/extmatperez/meli_bootcamp_go_w6-2/cmd/server/handler/section.go:180.30,183.17 3 1
github.com/extmatperez/meli_bootcamp_go_w6-2/cmd/server/handler/section.go:187.3,188.17 2 1
github.com/extmatperez/meli_bootcamp_go_w6-2/cmd/server/handler/section.go:196.3,196.43 1 1
github.com/extmatperez/meli_bootcamp_go_w6-2/cmd/server/handler/section.go:183.17,186.4 2 1
github.com/extmatperez/meli_bootcamp_go_w6-2/cmd/server/handler/section.go:188.17,189.34 1 1
github.com/extmatperez/meli_bootcamp_go_w6-2/cmd/server/handler/section.go:193.4,194.10 2 0
github.com/extmatperez/meli_bootcamp_go_w6-2/cmd/server/handler/section.go:189.34,192.5 2 1
github.com/extmatperez/meli_bootcamp_go_w6-2/cmd/server/handler/section.go:211.56,212.30 1 1
github.com/extmatperez/meli_bootcamp_go_w6-2/cmd/server/handler/section.go:212.30,218.15 5 1
github.com/extmatperez/meli_bootcamp_go_w6-2/cmd/server/handler/section.go:228.3,228.17 1 1
github.com/extmatperez/meli_bootcamp_go_w6-2/cmd/server/handler/section.go:238.3,238.38 1 1
github.com/extmatperez/meli_bootcamp_go_w6-2/cmd/server/handler/section.go:218.15,220.18 2 1
github.com/extmatperez/meli_bootcamp_go_w6-2/cmd/server/handler/section.go:224.4,224.65 1 1
github.com/extmatperez/meli_bootcamp_go_w6-2/cmd/server/handler/section.go:220.18,223.5 2 1
github.com/extmatperez/meli_bootcamp_go_w6-2/cmd/server/handler/section.go:225.9,227.4 1 1
github.com/extmatperez/meli_bootcamp_go_w6-2/cmd/server/handler/section.go:228.17,229.15 1 1
github.com/extmatperez/meli_bootcamp_go_w6-2/cmd/server/handler/section.go:236.4,236.10 1 1
github.com/extmatperez/meli_bootcamp_go_w6-2/cmd/server/handler/section.go:231.29,232.91 1 1
github.com/extmatperez/meli_bootcamp_go_w6-2/cmd/server/handler/section.go:233.12,234.62 1 0
github.com/extmatperez/meli_bootcamp_go_w6-2/cmd/server/handler/buyer.go:18.39,22.2 1 1
github.com/extmatperez/meli_bootcamp_go_w6-2/cmd/server/handler/buyer.go:35.39,36.30 1 1
github.com/extmatperez/meli_bootcamp_go_w6-2/cmd/server/handler/buyer.go:36.30,38.17 2 1
github.com/extmatperez/meli_bootcamp_go_w6-2/cmd/server/handler/buyer.go:42.3,43.20 2 1
github.com/extmatperez/meli_bootcamp_go_w6-2/cmd/server/handler/buyer.go:52.3,52.38 1 1
github.com/extmatperez/meli_bootcamp_go_w6-2/cmd/server/handler/buyer.go:38.17,41.4 2 1
github.com/extmatperez/meli_bootcamp_go_w6-2/cmd/server/handler/buyer.go:43.20,44.18 1 1
github.com/extmatperez/meli_bootcamp_go_w6-2/cmd/server/handler/buyer.go:50.4,50.10 1 1
github.com/extmatperez/meli_bootcamp_go_w6-2/cmd/server/handler/buyer.go:45.27,46.72 1 1
github.com/extmatperez/meli_bootcamp_go_w6-2/cmd/server/handler/buyer.go:47.12,48.65 1 1
github.com/extmatperez/meli_bootcamp_go_w6-2/cmd/server/handler/buyer.go:64.42,65.30 1 1
github.com/extmatperez/meli_bootcamp_go_w6-2/cmd/server/handler/buyer.go:65.30,67.17 2 1
github.com/extmatperez/meli_bootcamp_go_w6-2/cmd/server/handler/buyer.go:70.3,70.18 1 1
github.com/extmatperez/meli_bootcamp_go_w6-2/cmd/server/handler/buyer.go:74.3,74.38 1 1
github.com/extmatperez/meli_bootcamp_go_w6-2/cmd/server/handler/buyer.go:67.17,69.4 1 1
github.com/extmatperez/meli_bootcamp_go_w6-2/cmd/server/handler/buyer.go:70.18,73.4 2 1
github.com/extmatperez/meli_bootcamp_go_w6-2/cmd/server/handler/buyer.go:90.42,91.30 1 1
github.com/extmatperez/meli_bootcamp_go_w6-2/cmd/server/handler/buyer.go:91.30,93.48 2 1
github.com/extmatperez/meli_bootcamp_go_w6-2/cmd/server/handler/buyer.go:98.3,99.23 2 1
github.com/extmatperez/meli_bootcamp_go_w6-2/cmd/server/handler/buyer.go:110.3,110.40 1 1
github.com/extmatperez/meli_bootcamp_go_w6-2/cmd/server/handler/buyer.go:93.48,96.4 2 1
github.com/extmatperez/meli_bootcamp_go_w6-2/cmd/server/handler/buyer.go:99.23,100.21 1 1
github.com/extmatperez/meli_bootcamp_go_w6-2/cmd/server/handler/buyer.go:108.4,108.10 1 1
github.com/extmatperez/meli_bootcamp_go_w6-2/cmd/server/handler/buyer.go:101.32,102.57 1 1
github.com/extmatperez/meli_bootcamp_go_w6-2/cmd/server/handler/buyer.go:103.27,104.96 1 1
github.com/extmatperez/meli_bootcamp_go_w6-2/cmd/server/handler/buyer.go:105.12,106.68 1 1
github.com/extmatperez/meli_bootcamp_go_w6-2/cmd/server/handler/buyer.go:126.42,127.30 1 1
github.com/extmatperez/meli_bootcamp_go_w6-2/cmd/server/handler/buyer.go:127.30,129.17 2 1
github.com/extmatperez/meli_bootcamp_go_w6-2/cmd/server/handler/buyer.go:134.3,135.48 2 1
github.com/extmatperez/meli_bootcamp_go_w6-2/cmd/server/handler/buyer.go:139.3,142.23 3 1
github.com/extmatperez/meli_bootcamp_go_w6-2/cmd/server/handler/buyer.go:153.3,153.44 1 1
github.com/extmatperez/meli_bootcamp_go_w6-2/cmd/server/handler/buyer.go:129.17,132.4 2 1
github.com/extmatperez/meli_bootcamp_go_w6-2/cmd/server/handler/buyer.go:135.48,138.4 2 1
github.com/extmatperez/meli_bootcamp_go_w6-2/cmd/server/handler/buyer.go:142.23,143.21 1 1
github.com/extmatperez/meli_bootcamp_go_w6-2/cmd/server/handler/buyer.go:151.4,151.10 1 1
github.com/extmatperez/meli_bootcamp_go_w6-2/cmd/server/handler/buyer.go:144.32,145.57 1 1
github.com/extmatperez/meli_bootcamp_go_w6-2/cmd/server/handler/buyer.go:146.27,147.72 1 1
github.com/extmatperez/meli_bootcamp_go_w6-2/cmd/server/handler/buyer.go:148.12,149.68 1 1
github.com/extmatperez/meli_bootcamp_go_w6-2/cmd/server/handler/buyer.go:168.42,169.30 1 1
github.com/extmatperez/meli_bootcamp_go_w6-2/cmd/server/handler/buyer.go:169.30,171.17 2 1
github.com/extmatperez/meli_bootcamp_go_w6-2/cmd/server/handler/buyer.go:175.3,176.23 2 1
github.com/extmatperez/meli_bootcamp_go_w6-2/cmd/server/handler/buyer.go:185.3,185.53 1 1
github.com/extmatperez/meli_bootcamp_go_w6-2/cmd/server/handler/buyer.go:171.17,174.4 2 1
github.com/extmatperez/meli_bootcamp_go_w6-2/cmd/server/handler/buyer.go:176.23,177.21 1 1
github.com/extmatperez/meli_bootcamp_go_w6-2/cmd/server/handler/buyer.go:183.4,183.10 1 1
github.com/extmatperez/meli_bootcamp_go_w6-2/cmd/server/handler/buyer.go:178.27,179.72 1 1
github.com/extmatperez/meli_bootcamp_go_w6-2/cmd/server/handler/buyer.go:180.12,181.68 1 1
github.com/extmatperez/meli_bootcamp_go_w6-2/cmd/server/handler/carry.go:16.39,20.2 1 1
github.com/extmatperez/meli_bootcamp_go_w6-2/cmd/server/handler/carry.go:33.40,35.49 2 1
github.com/extmatperez/meli_bootcamp_go_w6-2/cmd/server/handler/carry.go:40.2,41.16 2 1
github.com/extmatperez/meli_bootcamp_go_w6-2/cmd/server/handler/carry.go:55.2,55.52 1 1
github.com/extmatperez/meli_bootcamp_go_w6-2/cmd/server/handler/carry.go:35.49,38.3 2 1
github.com/extmatperez/meli_bootcamp_go_w6-2/cmd/server/handler/carry.go:41.16,42.22 1 1
github.com/extmatperez/meli_bootcamp_go_w6-2/cmd/server/handler/carry.go:52.3,52.9 1 1
github.com/extmatperez/meli_bootcamp_go_w6-2/cmd/server/handler/carry.go:43.39,44.52 1 1
github.com/extmatperez/meli_bootcamp_go_w6-2/cmd/server/handler/carry.go:45.38,46.52 1 1
github.com/extmatperez/meli_bootcamp_go_w6-2/cmd/server/handler/carry.go:47.34,48.63 1 1
github.com/extmatperez/meli_bootcamp_go_w6-2/cmd/server/handler/carry.go:49.11,50.63 1 1
github.com/extmatperez/meli_bootcamp_go_w6-2/cmd/server/handler/inbound_order.go:18.62,22.2 1 1
github.com/extmatperez/meli_bootcamp_go_w6-2/cmd/server/handler/inbound_order.go:32.82,33.32 1 1
github.com/extmatperez/meli_bootcamp_go_w6-2/cmd/server/handler/inbound_order.go:33.32,36.17 2 1
github.com/extmatperez/meli_bootcamp_go_w6-2/cmd/server/handler/inbound_order.go:41.3,41.23 1 1
github.com/extmatperez/meli_bootcamp_go_w6-2/cmd/server/handler/inbound_order.go:46.3,46.45 1 1
github.com/extmatperez/meli_bootcamp_go_w6-2/cmd/server/handler/inbound_order.go:36.17,39.4 2 1
github.com/extmatperez/meli_bootcamp_go_w6-2/cmd/server/handler/inbound_order.go:41.23,44.4 2 0
github.com/extmatperez/meli_bootcamp_go_w6-2/cmd/server/handler/inbound_order.go:61.78,62.32 1 1
github.com/extmatperez/meli_bootcamp_go_w6-2/cmd/server/handler/inbound_order.go:62.32,65.17 2 1
github.com/extmatperez/meli_bootcamp_go_w6-2/cmd/server/handler/inbound_order.go:70.3,72.17 2 1
github.com/extmatperez/meli_bootcamp_go_w6-2/cmd/server/handler/inbound_order.go:82.3,82.52 1 1
github.com/extmatperez/meli_bootcamp_go_w6-2/cmd/server/handler/inbound_order.go:65.17,68.4 2 1
github.com/extmatperez/meli_bootcamp_go_w6-2/cmd/server/handler/inbound_order.go:72.17,73.15 1 1
github.com/extmatperez/meli_bootcamp_go_w6-2/cmd/server/handler/inbound_order.go:79.4,79.10 1 1
github.com/extmatperez/meli_bootcamp_go_w6-2/cmd/server/handler/inbound_order.go:74.60,75.100 1 1
github.com/extmatperez/meli_bootcamp_go_w6-2/cmd/server/handler/inbound_order.go:76.12,77.64 1 0
github.com/extmatperez/meli_bootcamp_go_w6-2/cmd/server/handler/inbound_order.go:98.60,99.32 1 1
github.com/extmatperez/meli_bootcamp_go_w6-2/cmd/server/handler/inbound_order.go:99.32,102.50 2 1
github.com/extmatperez/meli_bootcamp_go_w6-2/cmd/server/handler/inbound_order.go:107.3,110.17 3 1
github.com/extmatperez/meli_bootcamp_go_w6-2/cmd/server/handler/inbound_order.go:130.3,130.56 1 1
github.com/extmatperez/meli_bootcamp_go_w6-2/cmd/server/handler/inbound_order.go:102.50,105.4 2 1
github.com/extmatperez/meli_bootcamp_go_w6-2/cmd/server/handler/inbound_order.go:110.17,111.15 1 1
github.com/extmatperez/meli_bootcamp_go_w6-2/cmd/server/handler/inbound_order.go:127.4,127.10 1 1
github.com/extmatperez/meli_bootcamp_go_w6-2/cmd/server/handler/inbound_order.go:112.52,113.92 1 1
github.com/extmatperez/meli_bootcamp_go_w6-2/cmd/server/handler/inbound_order.go:114.47,115.98 1 0
github.com/extmatperez/meli_bootcamp_go_w6-2/cmd/server/handler/inbound_order.go:116.43,117.83 1 1
github.com/extmatperez/meli_bootcamp_go_w6-2/cmd/server/handler/inbound_order.go:118.46,119.86 1 1
github.com/extmatperez/meli_bootcamp_go_w6-2/cmd/server/handler/inbound_order.go:120.47,121.87 1 1
github.com/extmatperez/meli_bootcamp_go_w6-2/cmd/server/handler/inbound_order.go:122.50,123.90 1 1
github.com/extmatperez/meli_bootcamp_go_w6-2/cmd/server/handler/inbound_order.go:124.12,125.64 1 0
github.com/extmatperez/meli_bootcamp_go_w6-2/cmd/server/handler/product.go:27.51,31.2 1 1
github.com/extmatperez/meli_bootcamp_go_w6-2/cmd/server/handler/product.go:41.44,42.32 1 1
github.com/extmatperez/meli_bootcamp_go_w6-2/cmd/server/handler/product.go:42.32,44.17 2 1
github.com/extmatperez/meli_bootcamp_go_w6-2/cmd/server/handler/product.go:49.3,49.22 1 1
github.com/extmatperez/meli_bootcamp_go_w6-2/cmd/server/handler/product.go:53.3,53.44 1 1
github.com/extmatperez/meli_bootcamp_go_w6-2/cmd/server/handler/product.go:44.17,48.4 2 1
github.com/extmatperez/meli_bootcamp_go_w6-2/cmd/server/handler/product.go:49.22,52.4 2 1
github.com/extmatperez/meli_bootcamp_go_w6-2/cmd/server/handler/product.go:68.41,69.32 1 1
github.com/extmatperez/meli_bootcamp_go_w6-2/cmd/server/handler/product.go:69.32,72.24 3 1
github.com/extmatperez/meli_bootcamp_go_w6-2/cmd/server/handler/product.go:76.3,77.20 2 1
github.com/extmatperez/meli_bootcamp_go_w6-2/cmd/server/handler/product.go:87.3,87.40 1 1
github.com/extmatperez/meli_bootcamp_go_w6-2/cmd/server/handler/product.go:72.24,75.4 2 1
github.com/extmatperez/meli_bootcamp_go_w6-2/cmd/server/handler/product.go:77.20,78.18 1 1
github.com/extmatperez/meli_bootcamp_go_w6-2/cmd/server/handler/product.go:85.4,85.10 1 1
github.com/extmatperez/meli_bootcamp_go_w6-2/cmd/server/handler/product.go:79.36,80.68 1 1
github.com/extmatperez/meli_bootcamp_go_w6-2/cmd/server/handler/product.go:81.12,83.55 1 1
github.com/extmatperez/meli_bootcamp_go_w6-2/cmd/server/handler/product.go:105.44,106.32 1 1
github.com/extmatperez/meli_bootcamp_go_w6-2/cmd/server/handler/product.go:106.32,108.65 2 1
github.com/extmatperez/meli_bootcamp_go_w6-2/cmd/server/handler/product.go:120.3,122.21 3 1
github.com/extmatperez/meli_bootcamp_go_w6-2/cmd/server/handler/product.go:136.3,136.45 1 1
github.com/extmatperez/meli_bootcamp_go_w6-2/cmd/server/handler/product.go:108.65,109.22 1 1
github.com/extmatperez/meli_bootcamp_go_w6-2/cmd/server/handler/product.go:118.4,118.10 1 1
github.com/extmatperez/meli_bootcamp_go_w6-2/cmd/server/handler/product.go:110.36,111.55 1 1
github.com/extmatperez/meli_bootcamp_go_w6-2/cmd/server/handler/product.go:112.34,113.64 1 1
github.com/extmatperez/meli_bootcamp_go_w6-2/cmd/server/handler/product.go:114.12,116.55 1 1
github.com/extmatperez/meli_bootcamp_go_w6-2/cmd/server/handler/product.go:122.21,123.19 1 1
github.com/extmatperez/meli_bootcamp_go_w6-2/cmd/server/handler/product.go:134.4,134.10 1 1
github.com/extmatperez/meli_bootcamp_go_w6-2/cmd/server/handler/product.go:124.41,125.57 1 1
github.com/extmatperez/meli_bootcamp_go_w6-2/cmd/server/handler/product.go:126.46,127.57 1 0
github.com/extmatperez/meli_bootcamp_go_w6-2/cmd/server/handler/product.go:128.36,129.78 1 1
github.com/extmatperez/meli_bootcamp_go_w6-2/cmd/server/handler/product.go:130.12,132.55 1 1
github.com/extmatperez/meli_bootcamp_go_w6-2/cmd/server/handler/product.go:155.51,156.32 1 1
github.com/extmatperez/meli_bootcamp_go_w6-2/cmd/server/handler/product.go:156.32,159.24 3 1
github.com/extmatperez/meli_bootcamp_go_w6-2/cmd/server/handler/product.go:163.3,164.66 2 1
github.com/extmatperez/meli_bootcamp_go_w6-2/cmd/server/handler/product.go:174.3,176.30 3 1
github.com/extmatperez/meli_bootcamp_go_w6-2/cmd/server/handler/product.go:190.3,190.40 1 1
github.com/extmatperez/meli_bootcamp_go_w6-2/cmd/server/handler/product.go:159.24,162.4 2 1
github.com/extmatperez/meli_bootcamp_go_w6-2/cmd/server/handler/product.go:164.66,165.22 1 1
github.com/extmatperez/meli_bootcamp_go_w6-2/cmd/server/handler/product.go:172.4,172.10 1 1
github.com/extmatperez/meli_bootcamp_go_w6-2/cmd/server/handler/product.go:166.34,167.64 1 1
github.com/extmatperez/meli_bootcamp_go_w6-2/cmd/server/handler/product.go:168.12,170.55 1 1
github.com/extmatperez/meli_bootcamp_go_w6-2/cmd/server/handler/product.go:176.30,177.28 1 1
github.com/extmatperez/meli_bootcamp_go_w6-2/cmd/server/handler/product.go:188.4,188.10 1 1
github.com/extmatperez/meli_bootcamp_go_w6-2/cmd/server/handler/product.go:178.41,179.66 1 1
github.com/extmatperez/meli_bootcamp_go_w6-2/cmd/server/handler/product.go:180.46,181.66 1 0
github.com/extmatperez/meli_bootcamp_go_w6-2/cmd/server/handler/product.go:182.36,183.68 1 1
github.com/extmatperez/meli_bootcamp_go_w6-2/cmd/server/handler/product.go:184.12,186.55 1 1
github.com/extmatperez/meli_bootcamp_go_w6-2/cmd/server/handler/product.go:204.44,205.32 1 1
github.com/extmatperez/meli_bootcamp_go_w6-2/cmd/server/handler/product.go:205.32,208.24 3 1
github.com/extmatperez/meli_bootcamp_go_w6-2/cmd/server/handler/product.go:212.3,213.23 2 1
github.com/extmatperez/meli_bootcamp_go_w6-2/cmd/server/handler/product.go:224.3,224.45 1 1
github.com/extmatperez/meli_bootcamp_go_w6-2/cmd/server/handler/product.go:208.24,211.4 2 1
github.com/extmatperez/meli_bootcamp_go_w6-2/cmd/server/handler/product.go:213.23,214.21 1 1
github.com/extmatperez/meli_bootcamp_go_w6-2/cmd/server/handler/product.go:221.4,221.10 1 1
github.com/extmatperez/meli_bootcamp_go_w6-2/cmd/server/handler/product.go:215.36,216.68 1 1
github.com/extmatperez/meli_bootcamp_go_w6-2/cmd/server/handler/product.go:217.12,219.55 1 1
github.com/extmatperez/meli_bootcamp_go_w6-2/cmd/server/handler/productBatch.go:17.60,21.2 1 1
github.com/extmatperez/meli_bootcamp_go_w6-2/cmd/server/handler/productBatch.go:34.50,35.30 1 1
github.com/extmatperez/meli_bootcamp_go_w6-2/cmd/server/handler/productBatch.go:35.30,37.44 2 1
github.com/extmatperez/meli_bootcamp_go_w6-2/cmd/server/handler/productBatch.go:41.3,42.17 2 1
github.com/extmatperez/meli_bootcamp_go_w6-2/cmd/server/handler/productBatch.go:55.3,55.48 1 1
github.com/extmatperez/meli_bootcamp_go_w6-2/cmd/server/handler/productBatch.go:37.44,40.4 2 1
github.com/extmatperez/meli_bootcamp_go_w6-2/cmd/server/handler/productBatch.go:42.17,43.15 1 1
github.com/extmatperez/meli_bootcamp_go_w6-2/cmd/server/handler/productBatch.go:53.4,53.10 1 1
github.com/extmatperez/meli_bootcamp_go_w6-2/cmd/server/handler/productBatch.go:44.39,45.114 1 1
github.com/extmatperez/meli_bootcamp_go_w6-2/cmd/server/handler/productBatch.go:46.88,47.51 1 1
github.com/extmatperez/meli_bootcamp_go_w6-2/cmd/server/handler/productBatch.go:48.35,49.53 1 1
github.com/extmatperez/meli_bootcamp_go_w6-2/cmd/server/handler/productBatch.go:50.12,51.62 1 1
github.com/extmatperez/meli_bootcamp_go_w6-2/cmd/server/handler/employee.go:18.48,22.2 1 1
github.com/extmatperez/meli_bootcamp_go_w6-2/cmd/server/handler/employee.go:35.42,36.32 1 1
github.com/extmatperez/meli_bootcamp_go_w6-2/cmd/server/handler/employee.go:36.32,39.17 2 1
github.com/extmatperez/meli_bootcamp_go_w6-2/cmd/server/handler/employee.go:44.3,46.17 2 1
github.com/extmatperez/meli_bootcamp_go_w6-2/cmd/server/handler/employee.go:56.3,56.52 1 1
github.com/extmatperez/meli_bootcamp_go_w6-2/cmd/server/handler/employee.go:39.17,42.4 2 1
github.com/extmatperez/meli_bootcamp_go_w6-2/cmd/server/handler/employee.go:46.17,47.23 1 1
github.com/extmatperez/meli_bootcamp_go_w6-2/cmd/server/handler/employee.go:53.4,53.10 1 1
github.com/extmatperez/meli_bootcamp_go_w6-2/cmd/server/handler/employee.go:48.46,49.78 1 1
github.com/extmatperez/meli_bootcamp_go_w6-2/cmd/server/handler/employee.go:50.12,51.64 1 0
github.com/extmatperez/meli_bootcamp_go_w6-2/cmd/server/handler/employee.go:68.52,69.32 1 1
github.com/extmatperez/meli_bootcamp_go_w6-2/cmd/server/handler/employee.go:69.32,72.17 2 1
github.com/extmatperez/meli_bootcamp_go_w6-2/cmd/server/handler/employee.go:77.3,77.23 1 1
github.com/extmatperez/meli_bootcamp_go_w6-2/cmd/server/handler/employee.go:82.3,82.45 1 1
github.com/extmatperez/meli_bootcamp_go_w6-2/cmd/server/handler/employee.go:72.17,75.4 2 1
github.com/extmatperez/meli_bootcamp_go_w6-2/cmd/server/handler/employee.go:77.23,80.4 2 0
github.com/extmatperez/meli_bootcamp_go_w6-2/cmd/server/handler/employee.go:98.45,99.32 1 1
github.com/extmatperez/meli_bootcamp_go_w6-2/cmd/server/handler/employee.go:99.32,102.50 2 1
github.com/extmatperez/meli_bootcamp_go_w6-2/cmd/server/handler/employee.go:107.3,111.17 3 1
github.com/extmatperez/meli_bootcamp_go_w6-2/cmd/server/handler/employee.go:123.3,123.52 1 1
github.com/extmatperez/meli_bootcamp_go_w6-2/cmd/server/handler/employee.go:102.50,105.4 2 1
github.com/extmatperez/meli_bootcamp_go_w6-2/cmd/server/handler/employee.go:111.17,112.23 1 1
github.com/extmatperez/meli_bootcamp_go_w6-2/cmd/server/handler/employee.go:120.4,120.10 1 1
github.com/extmatperez/meli_bootcamp_go_w6-2/cmd/server/handler/employee.go:113.51,114.83 1 1
github.com/extmatperez/meli_bootcamp_go_w6-2/cmd/server/handler/employee.go:115.46,116.89 1 0
github.com/extmatperez/meli_bootcamp_go_w6-2/cmd/server/handler/employee.go:117.12,118.64 1 0
github.com/extmatperez/meli_bootcamp_go_w6-2/cmd/server/handler/employee.go:141.45,142.32 1 1
github.com/extmatperez/meli_bootcamp_go_w6-2/cmd/server/handler/employee.go:142.32,146.17 3 1
github.com/extmatperez/meli_bootcamp_go_w6-2/cmd/server/handler/employee.go:151.3,151.50 1 1
github.com/extmatperez/meli_bootcamp_go_w6-2/cmd/server/handler/employee.go:156.3,160.17 3 1
github.com/extmatperez/meli_bootcamp_go_w6-2/cmd/server/handler/employee.go:172.3,172.52 1 1
github.com/extmatperez/meli_bootcamp_go_w6-2/cmd/server/handler/employee.go:146.17,149.4 2 1
github.com/extmatperez/meli_bootcamp_go_w6-2/cmd/server/handler/employee.go:151.50,154.4 2 0
github.com/extmatperez/meli_bootcamp_go_w6-2/cmd/server/handler/employee.go:160.17,161.23 1 1
github.com/extmatperez/meli_bootcamp_go_w6-2/cmd/server/handler/employee.go:169.4,169.10 1 1
github.com/extmatperez/meli_bootcamp_go_w6-2/cmd/server/handler/employee.go:162.46,163.78 1 1
github.com/extmatperez/meli_bootcamp_go_w6-2/cmd/server/handler/employee.go:164.48,165.91 1 0
github.com/extmatperez/meli_bootcamp_go_w6-2/cmd/server/handler/employee.go:166.12,167.64 1 0
github.com/extmatperez/meli_bootcamp_go_w6-2/cmd/server/handler/employee.go:187.45,188.32 1 1
github.com/extmatperez/meli_bootcamp_go_w6-2/cmd/server/handler/employee.go:188.32,191.17 2 1
github.com/extmatperez/meli_bootcamp_go_w6-2/cmd/server/handler/employee.go:196.3,198.17 2 1
github.com/extmatperez/meli_bootcamp_go_w6-2/cmd/server/handler/employee.go:208.3,208.45 1 1
github.com/extmatperez/meli_bootcamp_go_w6-2/cmd/server/handler/employee.go:191.17,194.4 2 1
github.com/extmatperez/meli_bootcamp_go_w6-2/cmd/server/handler/employee.go:198.17,199.23 1 1
github.com/extmatperez/meli_bootcamp_go_w6-2/cmd/server/handler/employee.go:205.4,205.10 1 1
github.com/extmatperez/meli_bootcamp_go_w6-2/cmd/server/handler/employee.go:200.46,201.78 1 1
github.com/extmatperez/meli_bootcamp_go_w6-2/cmd/server/handler/employee.go:202.12,203.64 1 0
github.com/extmatperez/meli_bootcamp_go_w6-2/cmd/server/handler/locality.go:17.48,21.2 1 1
github.com/extmatperez/meli_bootcamp_go_w6-2/cmd/server/handler/locality.go:33.55,34.30 1 1
github.com/extmatperez/meli_bootcamp_go_w6-2/cmd/server/handler/locality.go:34.30,37.28 3 1
github.com/extmatperez/meli_bootcamp_go_w6-2/cmd/server/handler/locality.go:42.3,43.17 2 1
github.com/extmatperez/meli_bootcamp_go_w6-2/cmd/server/handler/locality.go:52.3,52.40 1 1
github.com/extmatperez/meli_bootcamp_go_w6-2/cmd/server/handler/locality.go:37.28,39.4 1 1
github.com/extmatperez/meli_bootcamp_go_w6-2/cmd/server/handler/locality.go:39.9,41.4 1 1
github.com/extmatperez/meli_bootcamp_go_w6-2/cmd/server/handler/locality.go:43.17,44.15 1 1
github.com/extmatperez/meli_bootcamp_go_w6-2/cmd/server/handler/locality.go:50.4,50.10 1 1
github.com/extmatperez/meli_bootcamp_go_w6-2/cmd/server/handler/locality.go:45.30,46.51 1 1
github.com/extmatperez/meli_bootcamp_go_w6-2/cmd/server/handler/locality.go:47.12,48.62 1 1
github.com/extmatperez/meli_bootcamp_go_w6-2/cmd/server/handler/locality.go:57.55,58.30 1 1
github.com/extmatperez/meli_bootcamp_go_w6-2/cmd/server/handler/locality.go:58.30,62.28 3 1
github.com/extmatperez/meli_bootcamp_go_w6-2/cmd/server/handler/locality.go:68.3,69.17 2 1
github.com/extmatperez/meli_bootcamp_go_w6-2/cmd/server/handler/locality.go:78.3,78.47 1 1
github.com/extmatperez/meli_bootcamp_go_w6-2/cmd/server/handler/locality.go:62.28,64.4 1 1
github.com/extmatperez/meli_bootcamp_go_w6-2/cmd/server/handler/locality.go:64.9,66.4 1 1
github.com/extmatperez/meli_bootcamp_go_w6-2/cmd/server/handler/locality.go:69.17,70.15 1 1
github.com/extmatperez/meli_bootcamp_go_w6-2/cmd/server/handler/locality.go:76.4,76.10 1 1
github.com/extmatperez/meli_bootcamp_go_w6-2/cmd/server/handler/locality.go:71.30,72.51 1 1
github.com/extmatperez/meli_bootcamp_go_w6-2/cmd/server/handler/locality.go:73.12,74.62 1 1
github.com/extmatperez/meli_bootcamp_go_w6-2/cmd/server/handler/locality.go:93.42,94.30 1 1
github.com/extmatperez/meli_bootcamp_go_w6-2/cmd/server/handler/locality.go:94.30,98.17 3 1
github.com/extmatperez/meli_bootcamp_go_w6-2/cmd/server/handler/locality.go:108.3,108.50 1 1
github.com/extmatperez/meli_bootcamp_go_w6-2/cmd/server/handler/locality.go:98.17,99.23 1 1
github.com/extmatperez/meli_bootcamp_go_w6-2/cmd/server/handler/locality.go:105.4,105.10 1 1
github.com/extmatperez/meli_bootcamp_go_w6-2/cmd/server/handler/locality.go:100.38,101.74 1 1
github.com/extmatperez/meli_bootcamp_go_w6-2/cmd/server/handler/locality.go:102.12,103.62 1 1
github.com/extmatperez/meli_bootcamp_go_w6-2/cmd/server/handler/locality.go:124.45,125.30 1 1
github.com/extmatperez/meli_bootcamp_go_w6-2/cmd/server/handler/locality.go:125.30,128.48 2 1
github.com/extmatperez/meli_bootcamp_go_w6-2/cmd/server/handler/locality.go:139.3,140.17 2 1
github.com/extmatperez/meli_bootcamp_go_w6-2/cmd/server/handler/locality.go:150.3,150.54 1 1
github.com/extmatperez/meli_bootcamp_go_w6-2/cmd/server/handler/locality.go:128.48,129.22 1 1
github.com/extmatperez/meli_bootcamp_go_w6-2/cmd/server/handler/locality.go:136.4,136.10 1 1
github.com/extmatperez/meli_bootcamp_go_w6-2/cmd/server/handler/locality.go:130.36,131.80 1 1
github.com/extmatperez/meli_bootcamp_go_w6-2/cmd/server/handler/locality.go:132.12,133.62 1 1
github.com/extmatperez/meli_bootcamp_go_w6-2/cmd/server/handler/locality.go:140.17,141.15 1 1
github.com/extmatperez/meli_bootcamp_go_w6-2/cmd/server/handler/locality.go:147.4,147.10 1 1
github.com/extmatperez/meli_bootcamp_go_w6-2/cmd/server/handler/locality.go:142.35,143.51 1 1
github.com/extmatperez/meli_bootcamp_go_w6-2/cmd/server/handler/locality.go:144.12,145.62 1 1
github.com/extmatperez/meli_bootcamp_go_w6-2/cmd/server/handler/report_record.go:22.67,26.2 1 1
github.com/extmatperez/meli_bootcamp_go_w6-2/cmd/server/handler/report_record.go:39.60,40.32 1 1
github.com/extmatperez/meli_bootcamp_go_w6-2/cmd/server/handler/report_record.go:40.32,45.21 4 1
github.com/extmatperez/meli_bootcamp_go_w6-2/cmd/server/handler/report_record.go:57.3,57.20 1 1
github.com/extmatperez/meli_bootcamp_go_w6-2/cmd/server/handler/report_record.go:67.3,67.43 1 1
github.com/extmatperez/meli_bootcamp_go_w6-2/cmd/server/handler/report_record.go:45.21,47.25 2 1
github.com/extmatperez/meli_bootcamp_go_w6-2/cmd/server/handler/report_record.go:51.4,53.37 3 1
github.com/extmatperez/meli_bootcamp_go_w6-2/cmd/server/handler/report_record.go:47.25,50.5 2 1
github.com/extmatperez/meli_bootcamp_go_w6-2/cmd/server/handler/report_record.go:54.9,56.4 1 1
github.com/extmatperez/meli_bootcamp_go_w6-2/cmd/server/handler/report_record.go:57.20,58.18 1 1
github.com/extmatperez/meli_bootcamp_go_w6-2/cmd/server/handler/report_record.go:65.4,65.10 1 1
github.com/extmatperez/meli_bootcamp_go_w6-2/cmd/server/handler/report_record.go:59.42,60.73 1 1
github.com/extmatperez/meli_bootcamp_go_w6-2/cmd/server/handler/report_record.go:61.12,63.55 1 1
github.com/extmatperez/meli_bootcamp_go_w6-2/cmd/server/handler/seller.go:19.42,23.2 1 1
github.com/extmatperez/meli_bootcamp_go_w6-2/cmd/server/handler/seller.go:33.43,34.30 1 1
github.com/extmatperez/meli_bootcamp_go_w6-2/cmd/server/handler/seller.go:34.30,36.17 2 1
github.com/extmatperez/meli_bootcamp_go_w6-2/cmd/server/handler/seller.go:41.3,41.40 1 1
github.com/extmatperez/meli_bootcamp_go_w6-2/cmd/server/handler/seller.go:36.17,39.4 2 1
github.com/extmatperez/meli_bootcamp_go_w6-2/cmd/server/handler/seller.go:56.40,57.30 1 1
github.com/extmatperez/meli_bootcamp_go_w6-2/cmd/server/handler/seller.go:57.30,59.17 2 1
github.com/extmatperez/meli_bootcamp_go_w6-2/cmd/server/handler/seller.go:64.3,65.17 2 1
github.com/extmatperez/meli_bootcamp_go_w6-2/cmd/server/handler/seller.go:75.3,75.48 1 1
github.com/extmatperez/meli_bootcamp_go_w6-2/cmd/server/handler/seller.go:59.17,62.4 2 1
github.com/extmatperez/meli_bootcamp_go_w6-2/cmd/server/handler/seller.go:65.17,66.23 1 1
github.com/extmatperez/meli_bootcamp_go_w6-2/cmd/server/handler/seller.go:72.4,72.10 1 1
github.com/extmatperez/meli_bootcamp_go_w6-2/cmd/server/handler/seller.go:67.36,68.72 1 1
github.com/extmatperez/meli_bootcamp_go_w6-2/cmd/server/handler/seller.go:69.12,70.62 1 1
github.com/extmatperez/meli_bootcamp_go_w6-2/cmd/server/handler/seller.go:91.43,92.30 1 1
github.com/extmatperez/meli_bootcamp_go_w6-2/cmd/server/handler/seller.go:92.30,95.48 2 1
github.com/extmatperez/meli_bootcamp_go_w6-2/cmd/server/handler/seller.go:106.3,107.17 2 1
github.com/extmatperez/meli_bootcamp_go_w6-2/cmd/server/handler/seller.go:119.3,119.52 1 1
github.com/extmatperez/meli_bootcamp_go_w6-2/cmd/server/handler/seller.go:95.48,96.22 1 1
github.com/extmatperez/meli_bootcamp_go_w6-2/cmd/server/handler/seller.go:103.4,103.10 1 1
github.com/extmatperez/meli_bootcamp_go_w6-2/cmd/server/handler/seller.go:97.36,98.80 1 1
github.com/extmatperez/meli_bootcamp_go_w6-2/cmd/server/handler/seller.go:99.12,100.62 1 1
github.com/extmatperez/meli_bootcamp_go_w6-2/cmd/server/handler/seller.go:107.17,108.15 1 1
github.com/extmatperez/meli_bootcamp_go_w6-2/cmd/server/handler/seller.go:116.4,116.10 1 1
github.com/extmatperez/meli_bootcamp_go_w6-2/cmd/server/handler/seller.go:109.33,110.51 1 1
github.com/extmatperez/meli_bootcamp_go_w6-2/cmd/server/handler/seller.go:111.40,112.51 1 0
github.com/extmatperez/meli_bootcamp_go_w6-2/cmd/server/handler/seller.go:113.12,114.62 1 1
github.com/extmatperez/meli_bootcamp_go_w6-2/cmd/server/handler/seller.go:137.43,138.30 1 1
github.com/extmatperez/meli_bootcamp_go_w6-2/cmd/server/handler/seller.go:138.30,141.17 2 1
github.com/extmatperez/meli_bootcamp_go_w6-2/cmd/server/handler/seller.go:146.3,147.48 2 1
github.com/extmatperez/meli_bootcamp_go_w6-2/cmd/server/handler/seller.go:152.3,153.17 2 1
github.com/extmatperez/meli_bootcamp_go_w6-2/cmd/server/handler/seller.go:167.3,167.47 1 1
github.com/extmatperez/meli_bootcamp_go_w6-2/cmd/server/handler/seller.go:141.17,144.4 2 1
github.com/extmatperez/meli_bootcamp_go_w6-2/cmd/server/handler/seller.go:147.48,150.4 2 1
github.com/extmatperez/meli_bootcamp_go_w6-2/cmd/server/handler/seller.go:153.17,154.15 1 1
github.com/extmatperez/meli_bootcamp_go_w6-2/cmd/server/handler/seller.go:164.4,164.10 1 1
github.com/extmatperez/meli_bootcamp_go_w6-2/cmd/server/handler/seller.go:155.28,156.72 1 1
github.com/extmatperez/meli_bootcamp_go_w6-2/cmd/server/handler/seller.go:157.33,158.51 1 1
github.com/extmatperez/meli_bootcamp_go_w6-2/cmd/server/handler/seller.go:159.40,160.51 1 0
github.com/extmatperez/meli_bootcamp_go_w6-2/cmd/server/handler/seller.go:161.12,162.62 1 1
github.com/extmatperez/meli_bootcamp_go_w6-2/cmd/server/handler/seller.go:180.43,181.30 1 1
github.com/extmatperez/meli_bootcamp_go_w6-2/cmd/server/handler/seller.go:181.30,183.17 2 1
github.com/extmatperez/meli_bootcamp_go_w6-2/cmd/server/handler/seller.go:188.3,189.17 2 1
github.com/extmatperez/meli_bootcamp_go_w6-2/cmd/server/handler/seller.go:199.3,199.43 1 1
github.com/extmatperez/meli_bootcamp_go_w6-2/cmd/server/handler/seller.go:183.17,186.4 2 1
github.com/extmatperez/meli_bootcamp_go_w6-2/cmd/server/handler/seller.go:189.17,190.15 1 1
github.com/extmatperez/meli_bootcamp_go_w6-2/cmd/server/handler/seller.go:196.4,196.10 1 1
github.com/extmatperez/meli_bootcamp_go_w6-2/cmd/server/handler/seller.go:191.28,192.72 1 1
github.com/extmatperez/meli_bootcamp_go_w6-2/cmd/server/handler/seller.go:193.12,194.62 1 1
github.com/extmatperez/meli_bootcamp_go_w6-2/cmd/server/handler/warehouse.go:17.51,21.2 1 1
github.com/extmatperez/meli_bootcamp_go_w6-2/cmd/server/handler/warehouse.go:34.43,37.16 3 1
github.com/extmatperez/meli_bootcamp_go_w6-2/cmd/server/handler/warehouse.go:42.2,43.16 2 1
github.com/extmatperez/meli_bootcamp_go_w6-2/cmd/server/handler/warehouse.go:53.2,53.52 1 1
github.com/extmatperez/meli_bootcamp_go_w6-2/cmd/server/handler/warehouse.go:37.16,40.3 2 1
github.com/extmatperez/meli_bootcamp_go_w6-2/cmd/server/handler/warehouse.go:43.16,44.14 1 1
github.com/extmatperez/meli_bootcamp_go_w6-2/cmd/server/handler/warehouse.go:50.3,50.9 1 1
github.com/extmatperez/meli_bootcamp_go_w6-2/cmd/server/handler/warehouse.go:45.30,46.70 1 1
github.com/extmatperez/meli_bootcamp_go_w6-2/cmd/server/handler/warehouse.go:47.11,48.63 1 1
github.com/extmatperez/meli_bootcamp_go_w6-2/cmd/server/handler/warehouse.go:64.46,66.16 2 1
github.com/extmatperez/meli_bootcamp_go_w6-2/cmd/server/handler/warehouse.go:70.2,70.45 1 1
github.com/extmatperez/meli_bootcamp_go_w6-2/cmd/server/handler/warehouse.go:66.16,69.3 2 1
github.com/extmatperez/meli_bootcamp_go_w6-2/cmd/server/handler/warehouse.go:84.46,86.49 2 1
github.com/extmatperez/meli_bootcamp_go_w6-2/cmd/server/handler/warehouse.go:91.2,92.16 2 1
github.com/extmatperez/meli_bootcamp_go_w6-2/cmd/server/handler/warehouse.go:102.2,102.56 1 1
github.com/extmatperez/meli_bootcamp_go_w6-2/cmd/server/handler/warehouse.go:86.49,89.3 2 1
github.com/extmatperez/meli_bootcamp_go_w6-2/cmd/server/handler/warehouse.go:92.16,93.22 1 1
github.com/extmatperez/meli_bootcamp_go_w6-2/cmd/server/handler/warehouse.go:99.3,99.9 1 1
github.com/extmatperez/meli_bootcamp_go_w6-2/cmd/server/handler/warehouse.go:94.43,95.52 1 1
github.com/extmatperez/meli_bootcamp_go_w6-2/cmd/server/handler/warehouse.go:96.11,97.63 1 1
github.com/extmatperez/meli_bootcamp_go_w6-2/cmd/server/handler/warehouse.go:119.46,122.16 3 1
github.com/extmatperez/meli_bootcamp_go_w6-2/cmd/server/handler/warehouse.go:127.2,128.49 2 1
github.com/extmatperez/meli_bootcamp_go_w6-2/cmd/server/handler/warehouse.go:133.2,134.16 2 1
github.com/extmatperez/meli_bootcamp_go_w6-2/cmd/server/handler/warehouse.go:145.2,145.51 1 1
github.com/extmatperez/meli_bootcamp_go_w6-2/cmd/server/handler/warehouse.go:122.16,125.3 2 1
github.com/extmatperez/meli_bootcamp_go_w6-2/cmd/server/handler/warehouse.go:128.49,131.3 2 1
github.com/extmatperez/meli_bootcamp_go_w6-2/cmd/server/handler/warehouse.go:134.16,135.14 1 1
github.com/extmatperez/meli_bootcamp_go_w6-2/cmd/server/handler/warehouse.go:143.3,143.9 1 1
github.com/extmatperez/meli_bootcamp_go_w6-2/cmd/server/handler/warehouse.go:136.35,137.52 1 1
github.com/extmatperez/meli_bootcamp_go_w6-2/cmd/server/handler/warehouse.go:138.30,139.70 1 1
github.com/extmatperez/meli_bootcamp_go_w6-2/cmd/server/handler/warehouse.go:140.11,141.63 1 1
github.com/extmatperez/meli_bootcamp_go_w6-2/cmd/server/handler/warehouse.go:159.46,162.16 3 1
github.com/extmatperez/meli_bootcamp_go_w6-2/cmd/server/handler/warehouse.go:167.2,168.16 2 1
github.com/extmatperez/meli_bootcamp_go_w6-2/cmd/server/handler/warehouse.go:178.2,178.44 1 1
github.com/extmatperez/meli_bootcamp_go_w6-2/cmd/server/handler/warehouse.go:162.16,165.3 2 1
github.com/extmatperez/meli_bootcamp_go_w6-2/cmd/server/handler/warehouse.go:168.16,169.14 1 1
github.com/extmatperez/meli_bootcamp_go_w6-2/cmd/server/handler/warehouse.go:175.3,175.9 1 1
github.com/extmatperez/meli_bootcamp_go_w6-2/cmd/server/handler/warehouse.go:170.30,171.70 1 1
github.com/extmatperez/meli_bootcamp_go_w6-2/cmd/server/handler/warehouse.go:172.11,173.63 1 1
github.com/extmatperez/meli_bootcamp_go_w6-2/internal/product/repository.go:44.43,48.2 1 1
github.com/extmatperez/meli_bootcamp_go_w6-2/internal/product/repository.go:50.32,52.16 2 1
github.com/extmatperez/meli_bootcamp_go_w6-2/internal/product/repository.go:52.16,54.3 1 0
github.com/extmatperez/meli_bootcamp_go_w6-2/internal/product/repository.go:57.75,61.2 3 1
github.com/extmatperez/meli_bootcamp_go_w6-2/internal/product/repository.go:63.76,65.21 2 1
github.com/extmatperez/meli_bootcamp_go_w6-2/internal/product/repository.go:68.2,69.18 2 1
github.com/extmatperez/meli_bootcamp_go_w6-2/internal/product/repository.go:74.2,74.22 1 1
github.com/extmatperez/meli_bootcamp_go_w6-2/internal/product/repository.go:65.21,67.3 1 1
github.com/extmatperez/meli_bootcamp_go_w6-2/internal/product/repository.go:69.18,73.3 3 1
github.com/extmatperez/meli_bootcamp_go_w6-2/internal/product/repository.go:77.79,81.20 4 1
github.com/extmatperez/meli_bootcamp_go_w6-2/internal/product/repository.go:89.2,89.15 1 1
github.com/extmatperez/meli_bootcamp_go_w6-2/internal/product/repository.go:81.20,82.18 1 1
github.com/extmatperez/meli_bootcamp_go_w6-2/internal/product/repository.go:83.22,84.50 1 1
github.com/extmatperez/meli_bootcamp_go_w6-2/internal/product/repository.go:85.11,86.50 1 1
github.com/extmatperez/meli_bootcamp_go_w6-2/internal/product/repository.go:92.79,94.23 2 1
github.com/extmatperez/meli_bootcamp_go_w6-2/internal/product/repository.go:97.2,99.20 3 1
github.com/extmatperez/meli_bootcamp_go_w6-2/internal/product/repository.go:112.2,113.18 2 1
github.com/extmatperez/meli_bootcamp_go_w6-2/internal/product/repository.go:116.2,116.21 1 1
github.com/extmatperez/meli_bootcamp_go_w6-2/internal/product/repository.go:94.23,96.3 1 1
github.com/extmatperez/meli_bootcamp_go_w6-2/internal/product/repository.go:99.20,101.9 2 1
github.com/extmatperez/meli_bootcamp_go_w6-2/internal/product/repository.go:110.3,110.20 1 1
github.com/extmatperez/meli_bootcamp_go_w6-2/internal/product/repository.go:101.9,102.26 1 1
github.com/extmatperez/meli_bootcamp_go_w6-2/internal/product/repository.go:103.41,104.48 1 1
github.com/extmatperez/meli_bootcamp_go_w6-2/internal/product/repository.go:105.35,107.41 1 0
github.com/extmatperez/meli_bootcamp_go_w6-2/internal/product/repository.go:113.18,115.3 1 1
github.com/extmatperez/meli_bootcamp_go_w6-2/internal/product/repository.go:119.74,121.23 2 1
github.com/extmatperez/meli_bootcamp_go_w6-2/internal/product/repository.go:124.2,126.20 3 1
github.com/extmatperez/meli_bootcamp_go_w6-2/internal/product/repository.go:139.2,140.25 2 1
github.com/extmatperez/meli_bootcamp_go_w6-2/internal/product/repository.go:143.2,143.12 1 1
github.com/extmatperez/meli_bootcamp_go_w6-2/internal/product/repository.go:121.23,123.3 1 1
github.com/extmatperez/meli_bootcamp_go_w6-2/internal/product/repository.go:126.20,128.9 2 1
github.com/extmatperez/meli_bootcamp_go_w6-2/internal/product/repository.go:137.3,137.17 1 1
github.com/extmatperez/meli_bootcamp_go_w6-2/internal/product/repository.go:128.9,129.26 1 1
github.com/extmatperez/meli_bootcamp_go_w6-2/internal/product/repository.go:130.41,131.45 1 1
github.com/extmatperez/meli_bootcamp_go_w6-2/internal/product/repository.go:132.35,134.38 1 0
github.com/extmatperez/meli_bootcamp_go_w6-2/internal/product/repository.go:140.25,142.3 1 1
github.com/extmatperez/meli_bootcamp_go_w6-2/internal/product/repository.go:146.64,148.23 2 1
github.com/extmatperez/meli_bootcamp_go_w6-2/internal/product/repository.go:151.2,153.20 3 1
github.com/extmatperez/meli_bootcamp_go_w6-2/internal/product/repository.go:156.2,157.25 2 1
github.com/extmatperez/meli_bootcamp_go_w6-2/internal/product/repository.go:160.2,160.22 1 1
github.com/extmatperez/meli_bootcamp_go_w6-2/internal/product/repository.go:163.2,163.12 1 1
github.com/extmatperez/meli_bootcamp_go_w6-2/internal/product/repository.go:148.23,150.3 1 1
github.com/extmatperez/meli_bootcamp_go_w6-2/internal/product/repository.go:153.20,155.3 1 1
github.com/extmatperez/meli_bootcamp_go_w6-2/internal/product/repository.go:157.25,159.3 1 1
github.com/extmatperez/meli_bootcamp_go_w6-2/internal/product/repository.go:160.22,162.3 1 1
github.com/extmatperez/meli_bootcamp_go_w6-2/internal/product/repository_mock.go:26.102,28.39 2 1
github.com/extmatperez/meli_bootcamp_go_w6-2/internal/product/repository_mock.go:31.2,32.8 2 1
github.com/extmatperez/meli_bootcamp_go_w6-2/internal/product/repository_mock.go:28.39,30.3 1 1
github.com/extmatperez/meli_bootcamp_go_w6-2/internal/product/repository_mock.go:36.104,38.36 2 1
github.com/extmatperez/meli_bootcamp_go_w6-2/internal/product/repository_mock.go:45.2,46.8 2 1
github.com/extmatperez/meli_bootcamp_go_w6-2/internal/product/repository_mock.go:38.36,39.29 1 1
github.com/extmatperez/meli_bootcamp_go_w6-2/internal/product/repository_mock.go:43.3,43.9 1 1
github.com/extmatperez/meli_bootcamp_go_w6-2/internal/product/repository_mock.go:39.29,42.4 2 1
github.com/extmatperez/meli_bootcamp_go_w6-2/internal/product/repository_mock.go:50.88,53.2 2 1
github.com/extmatperez/meli_bootcamp_go_w6-2/internal/product/repository_mock.go:56.105,58.37 2 1
github.com/extmatperez/meli_bootcamp_go_w6-2/internal/product/repository_mock.go:64.2,65.8 2 1
github.com/extmatperez/meli_bootcamp_go_w6-2/internal/product/repository_mock.go:58.37,63.3 4 1
github.com/extmatperez/meli_bootcamp_go_w6-2/internal/product/repository_mock.go:69.87,71.39 2 1
github.com/extmatperez/meli_bootcamp_go_w6-2/internal/product/repository_mock.go:76.2,76.35 1 1
github.com/extmatperez/meli_bootcamp_go_w6-2/internal/product/repository_mock.go:71.39,72.29 1 1
github.com/extmatperez/meli_bootcamp_go_w6-2/internal/product/repository_mock.go:72.29,74.4 1 1
github.com/extmatperez/meli_bootcamp_go_w6-2/internal/product/repository_mock.go:80.77,83.2 2 1
github.com/extmatperez/meli_bootcamp_go_w6-2/internal/product/service.go:28.48,32.2 1 1
github.com/extmatperez/meli_bootcamp_go_w6-2/internal/product/service.go:36.70,38.22 2 1
github.com/extmatperez/meli_bootcamp_go_w6-2/internal/product/service.go:41.2,41.22 1 1
github.com/extmatperez/meli_bootcamp_go_w6-2/internal/product/service.go:38.22,40.3 1 1
github.com/extmatperez/meli_bootcamp_go_w6-2/internal/product/service.go:46.73,48.19 2 1
github.com/extmatperez/meli_bootcamp_go_w6-2/internal/product/service.go:56.2,56.21 1 1
github.com/extmatperez/meli_bootcamp_go_w6-2/internal/product/service.go:48.19,49.17 1 1
github.com/extmatperez/meli_bootcamp_go_w6-2/internal/product/service.go:50.30,51.47 1 1
github.com/extmatperez/meli_bootcamp_go_w6-2/internal/product/service.go:52.11,53.47 1 1
github.com/extmatperez/meli_bootcamp_go_w6-2/internal/product/service.go:63.90,64.58 1 1
github.com/extmatperez/meli_bootcamp_go_w6-2/internal/product/service.go:67.2,68.20 2 1
github.com/extmatperez/meli_bootcamp_go_w6-2/internal/product/service.go:79.2,79.27 1 1
github.com/extmatperez/meli_bootcamp_go_w6-2/internal/product/service.go:64.58,66.3 1 1
github.com/extmatperez/meli_bootcamp_go_w6-2/internal/product/service.go:68.20,69.18 1 1
github.com/extmatperez/meli_bootcamp_go_w6-2/internal/product/service.go:70.42,71.57 1 1
github.com/extmatperez/meli_bootcamp_go_w6-2/internal/product/service.go:72.35,74.52 1 0
github.com/extmatperez/meli_bootcamp_go_w6-2/internal/product/service.go:75.11,76.47 1 1
github.com/extmatperez/meli_bootcamp_go_w6-2/internal/product/service.go:87.107,89.27 2 1
github.com/extmatperez/meli_bootcamp_go_w6-2/internal/product/service.go:95.2,95.31 1 1
github.com/extmatperez/meli_bootcamp_go_w6-2/internal/product/service.go:98.2,98.33 1 1
github.com/extmatperez/meli_bootcamp_go_w6-2/internal/product/service.go:101.2,101.31 1 1
github.com/extmatperez/meli_bootcamp_go_w6-2/internal/product/service.go:104.2,104.27 1 1
github.com/extmatperez/meli_bootcamp_go_w6-2/internal/product/service.go:107.2,107.27 1 1
github.com/extmatperez/meli_bootcamp_go_w6-2/internal/product/service.go:110.2,110.30 1 1
github.com/extmatperez/meli_bootcamp_go_w6-2/internal/product/service.go:113.2,113.51 1 1
github.com/extmatperez/meli_bootcamp_go_w6-2/internal/product/service.go:116.2,116.26 1 1
github.com/extmatperez/meli_bootcamp_go_w6-2/internal/product/service.go:119.2,119.32 1 1
github.com/extmatperez/meli_bootcamp_go_w6-2/internal/product/service.go:122.2,122.29 1 1
github.com/extmatperez/meli_bootcamp_go_w6-2/internal/product/service.go:128.2,128.85 1 1
github.com/extmatperez/meli_bootcamp_go_w6-2/internal/product/service.go:134.2,135.22 2 1
github.com/extmatperez/meli_bootcamp_go_w6-2/internal/product/service.go:146.2,146.23 1 1
[...]
github.com/extmatperez/meli_bootcamp_go_w6-2/internal/section/service.go:90.35,92.3 1 1
github.com/extmatperez/meli_bootcamp_go_w6-2/internal/section/service.go:94.16,96.3 1 0
github.com/extmatperez/meli_bootcamp_go_w6-2/internal/section/service.go:102.59,104.16 2 1
github.com/extmatperez/meli_bootcamp_go_w6-2/internal/section/service.go:107.2,108.12 2 1
github.com/extmatperez/meli_bootcamp_go_w6-2/internal/section/service.go:104.16,106.3 1 1
github.com/extmatperez/meli_bootcamp_go_w6-2/internal/section/service.go:111.70,112.43 1 1
github.com/extmatperez/meli_bootcamp_go_w6-2/internal/section/service.go:115.2,115.12 1 1
github.com/extmatperez/meli_bootcamp_go_w6-2/internal/section/service.go:112.43,114.3 1 1
github.com/extmatperez/meli_bootcamp_go_w6-2/internal/section/service.go:118.108,119.20 1 1
github.com/extmatperez/meli_bootcamp_go_w6-2/internal/section/service.go:122.2,122.56 1 1
github.com/extmatperez/meli_bootcamp_go_w6-2/internal/section/service.go:119.20,121.3 1 1
github.com/extmatperez/meli_bootcamp_go_w6-2/internal/section/service_mock.go:15.73,16.24 1 0
github.com/extmatperez/meli_bootcamp_go_w6-2/internal/section/service_mock.go:19.2,19.28 1 0
github.com/extmatperez/meli_bootcamp_go_w6-2/internal/section/service_mock.go:16.24,18.3 1 0
github.com/extmatperez/meli_bootcamp_go_w6-2/internal/section/service_mock.go:22.78,23.24 1 0
github.com/extmatperez/meli_bootcamp_go_w6-2/internal/section/service_mock.go:26.2,26.31 1 0
github.com/extmatperez/meli_bootcamp_go_w6-2/internal/section/service_mock.go:23.24,25.3 1 0
github.com/extmatperez/meli_bootcamp_go_w6-2/internal/section/service_mock.go:29.97,30.24 1 0
github.com/extmatperez/meli_bootcamp_go_w6-2/internal/section/service_mock.go:33.2,36.34 4 0
github.com/extmatperez/meli_bootcamp_go_w6-2/internal/section/service_mock.go:30.24,32.3 1 0
github.com/extmatperez/meli_bootcamp_go_w6-2/internal/section/service_mock.go:39.97,40.24 1 0
github.com/extmatperez/meli_bootcamp_go_w6-2/internal/section/service_mock.go:43.2,43.32 1 0
github.com/extmatperez/meli_bootcamp_go_w6-2/internal/section/service_mock.go:46.2,46.39 1 0
github.com/extmatperez/meli_bootcamp_go_w6-2/internal/section/service_mock.go:49.2,49.39 1 0
github.com/extmatperez/meli_bootcamp_go_w6-2/internal/section/service_mock.go:52.2,52.34 1 0
github.com/extmatperez/meli_bootcamp_go_w6-2/internal/section/service_mock.go:55.2,55.34 1 0
github.com/extmatperez/meli_bootcamp_go_w6-2/internal/section/service_mock.go:58.2,58.34 1 0
github.com/extmatperez/meli_bootcamp_go_w6-2/internal/section/service_mock.go:61.2,61.30 1 0
github.com/extmatperez/meli_bootcamp_go_w6-2/internal/section/service_mock.go:64.2,64.32 1 0
github.com/extmatperez/meli_bootcamp_go_w6-2/internal/section/service_mock.go:67.2,67.31 1 0
github.com/extmatperez/meli_bootcamp_go_w6-2/internal/section/service_mock.go:40.24,42.3 1 0
github.com/extmatperez/meli_bootcamp_go_w6-2/internal/section/service_mock.go:43.32,45.3 1 0
github.com/extmatperez/meli_bootcamp_go_w6-2/internal/section/service_mock.go:46.39,48.3 1 0
github.com/extmatperez/meli_bootcamp_go_w6-2/internal/section/service_mock.go:49.39,51.3 1 0
github.com/extmatperez/meli_bootcamp_go_w6-2/internal/section/service_mock.go:52.34,54.3 1 0
github.com/extmatperez/meli_bootcamp_go_w6-2/internal/section/service_mock.go:55.34,57.3 1 0
github.com/extmatperez/meli_bootcamp_go_w6-2/internal/section/service_mock.go:58.34,60.3 1 0
github.com/extmatperez/meli_bootcamp_go_w6-2/internal/section/service_mock.go:61.30,63.3 1 0
github.com/extmatperez/meli_bootcamp_go_w6-2/internal/section/service_mock.go:64.32,66.3 1 0
github.com/extmatperez/meli_bootcamp_go_w6-2/internal/section/service_mock.go:70.63,71.24 1 0
github.com/extmatperez/meli_bootcamp_go_w6-2/internal/section/service_mock.go:74.2,75.12 2 0
github.com/extmatperez/meli_bootcamp_go_w6-2/internal/section/service_mock.go:71.24,73.3 1 0
github.com/extmatperez/meli_bootcamp_go_w6-2/internal/section/service_mock.go:78.74,80.2 1 0
github.com/extmatperez/meli_bootcamp_go_w6-2/internal/section/service_mock.go:82.112,83.24 1 0
github.com/extmatperez/meli_bootcamp_go_w6-2/internal/section/service_mock.go:86.2,86.20 1 0
github.com/extmatperez/meli_bootcamp_go_w6-2/internal/section/service_mock.go:89.2,89.37 1 0
github.com/extmatperez/meli_bootcamp_go_w6-2/internal/section/service_mock.go:83.24,85.3 1 0
github.com/extmatperez/meli_bootcamp_go_w6-2/internal/section/service_mock.go:86.20,88.3 1 0
github.com/extmatperez/meli_bootcamp_go_w6-2/internal/seller/mock_repository.go:16.97,17.24 1 1
github.com/extmatperez/meli_bootcamp_go_w6-2/internal/seller/mock_repository.go:21.2,22.8 2 1
github.com/extmatperez/meli_bootcamp_go_w6-2/internal/seller/mock_repository.go:17.24,20.3 2 1
github.com/extmatperez/meli_bootcamp_go_w6-2/internal/seller/mock_repository.go:25.94,26.24 1 1
github.com/extmatperez/meli_bootcamp_go_w6-2/internal/seller/mock_repository.go:30.2,31.8 2 1
github.com/extmatperez/meli_bootcamp_go_w6-2/internal/seller/mock_repository.go:26.24,29.3 2 1
github.com/extmatperez/meli_bootcamp_go_w6-2/internal/seller/mock_repository.go:34.95,35.24 1 1
github.com/extmatperez/meli_bootcamp_go_w6-2/internal/seller/mock_repository.go:39.2,41.8 3 1
github.com/extmatperez/meli_bootcamp_go_w6-2/internal/seller/mock_repository.go:35.24,38.3 2 1
github.com/extmatperez/meli_bootcamp_go_w6-2/internal/seller/mock_repository.go:44.82,47.2 2 1
github.com/extmatperez/meli_bootcamp_go_w6-2/internal/seller/mock_repository.go:49.89,50.24 1 1
github.com/extmatperez/meli_bootcamp_go_w6-2/internal/seller/mock_repository.go:54.2,54.8 1 1
github.com/extmatperez/meli_bootcamp_go_w6-2/internal/seller/mock_repository.go:50.24,53.3 2 0
github.com/extmatperez/meli_bootcamp_go_w6-2/internal/seller/mock_repository.go:57.80,58.24 1 1
github.com/extmatperez/meli_bootcamp_go_w6-2/internal/seller/mock_repository.go:62.2,62.8 1 1
github.com/extmatperez/meli_bootcamp_go_w6-2/internal/seller/mock_repository.go:58.24,61.3 2 1
github.com/extmatperez/meli_bootcamp_go_w6-2/internal/seller/repository.go:35.43,39.2 1 0
github.com/extmatperez/meli_bootcamp_go_w6-2/internal/seller/repository.go:51.75,53.16 2 0
github.com/extmatperez/meli_bootcamp_go_w6-2/internal/seller/repository.go:57.2,59.18 2 0
github.com/extmatperez/meli_bootcamp_go_w6-2/internal/seller/repository.go:65.2,65.21 1 0
github.com/extmatperez/meli_bootcamp_go_w6-2/internal/seller/repository.go:53.16,55.3 1 0
github.com/extmatperez/meli_bootcamp_go_w6-2/internal/seller/repository.go:59.18,63.3 3 0
github.com/extmatperez/meli_bootcamp_go_w6-2/internal/seller/repository.go:68.78,72.16 4 0
github.com/extmatperez/meli_bootcamp_go_w6-2/internal/seller/repository.go:81.2,81.15 1 0
github.com/extmatperez/meli_bootcamp_go_w6-2/internal/seller/repository.go:72.16,73.14 1 0
github.com/extmatperez/meli_bootcamp_go_w6-2/internal/seller/repository.go:74.22,75.39 1 0
github.com/extmatperez/meli_bootcamp_go_w6-2/internal/seller/repository.go:76.11,77.39 1 0
github.com/extmatperez/meli_bootcamp_go_w6-2/internal/seller/repository.go:84.64,88.2 3 0
github.com/extmatperez/meli_bootcamp_go_w6-2/internal/seller/repository.go:90.78,92.16 2 0
github.com/extmatperez/meli_bootcamp_go_w6-2/internal/seller/repository.go:96.2,97.16 2 0
github.com/extmatperez/meli_bootcamp_go_w6-2/internal/seller/repository.go:108.2,109.16 2 0
github.com/extmatperez/meli_bootcamp_go_w6-2/internal/seller/repository.go:113.2,113.21 1 0
github.com/extmatperez/meli_bootcamp_go_w6-2/internal/seller/repository.go:92.16,94.3 1 0
github.com/extmatperez/meli_bootcamp_go_w6-2/internal/seller/repository.go:97.16,99.9 2 0
github.com/extmatperez/meli_bootcamp_go_w6-2/internal/seller/repository.go:105.3,105.24 1 0
github.com/extmatperez/meli_bootcamp_go_w6-2/internal/seller/repository.go:99.9,100.29 1 0
github.com/extmatperez/meli_bootcamp_go_w6-2/internal/seller/repository.go:101.41,102.38 1 0
github.com/extmatperez/meli_bootcamp_go_w6-2/internal/seller/repository.go:109.16,111.3 1 0
github.com/extmatperez/meli_bootcamp_go_w6-2/internal/seller/repository.go:116.73,118.16 2 0
github.com/extmatperez/meli_bootcamp_go_w6-2/internal/seller/repository.go:122.2,123.16 2 0
github.com/extmatperez/meli_bootcamp_go_w6-2/internal/seller/repository.go:134.2,135.16 2 0
github.com/extmatperez/meli_bootcamp_go_w6-2/internal/seller/repository.go:139.2,139.12 1 0
github.com/extmatperez/meli_bootcamp_go_w6-2/internal/seller/repository.go:118.16,120.3 1 0
github.com/extmatperez/meli_bootcamp_go_w6-2/internal/seller/repository.go:123.16,125.9 2 0
github.com/extmatperez/meli_bootcamp_go_w6-2/internal/seller/repository.go:131.3,131.21 1 0
github.com/extmatperez/meli_bootcamp_go_w6-2/internal/seller/repository.go:125.9,126.29 1 0
github.com/extmatperez/meli_bootcamp_go_w6-2/internal/seller/repository.go:127.41,128.35 1 0
github.com/extmatperez/meli_bootcamp_go_w6-2/internal/seller/repository.go:135.16,137.3 1 0
github.com/extmatperez/meli_bootcamp_go_w6-2/internal/seller/repository.go:142.64,144.16 2 0
github.com/extmatperez/meli_bootcamp_go_w6-2/internal/seller/repository.go:148.2,149.16 2 0
github.com/extmatperez/meli_bootcamp_go_w6-2/internal/seller/repository.go:153.2,154.16 2 0
github.com/extmatperez/meli_bootcamp_go_w6-2/internal/seller/repository.go:158.2,158.16 1 0
github.com/extmatperez/meli_bootcamp_go_w6-2/internal/seller/repository.go:162.2,162.12 1 0
github.com/extmatperez/meli_bootcamp_go_w6-2/internal/seller/repository.go:144.16,146.3 1 0
github.com/extmatperez/meli_bootcamp_go_w6-2/internal/seller/repository.go:149.16,151.3 1 0
github.com/extmatperez/meli_bootcamp_go_w6-2/internal/seller/repository.go:154.16,156.3 1 0
github.com/extmatperez/meli_bootcamp_go_w6-2/internal/seller/repository.go:158.16,160.3 1 0
github.com/extmatperez/meli_bootcamp_go_w6-2/internal/seller/service.go:27.39,31.2 1 1
github.com/extmatperez/meli_bootcamp_go_w6-2/internal/seller/service.go:34.84,37.2 2 1
github.com/extmatperez/meli_bootcamp_go_w6-2/internal/seller/service.go:40.101,41.40 1 1
github.com/extmatperez/meli_bootcamp_go_w6-2/internal/seller/service.go:52.2,61.16 3 1
github.com/extmatperez/meli_bootcamp_go_w6-2/internal/seller/service.go:65.2,67.8 2 1
github.com/extmatperez/meli_bootcamp_go_w6-2/internal/seller/service.go:41.40,44.3 2 1
github.com/extmatperez/meli_bootcamp_go_w6-2/internal/seller/service.go:61.16,63.3 1 1
github.com/extmatperez/meli_bootcamp_go_w6-2/internal/seller/service.go:71.86,74.2 2 1
github.com/extmatperez/meli_bootcamp_go_w6-2/internal/seller/service.go:77.67,80.2 2 1
github.com/extmatperez/meli_bootcamp_go_w6-2/internal/seller/service.go:83.169,85.16 2 1
github.com/extmatperez/meli_bootcamp_go_w6-2/internal/seller/service.go:89.2,89.16 1 1
github.com/extmatperez/meli_bootcamp_go_w6-2/internal/seller/service.go:100.2,100.24 1 1
github.com/extmatperez/meli_bootcamp_go_w6-2/internal/seller/service.go:104.2,104.20 1 1
github.com/extmatperez/meli_bootcamp_go_w6-2/internal/seller/service.go:108.2,108.22 1 1
github.com/extmatperez/meli_bootcamp_go_w6-2/internal/seller/service.go:112.2,112.24 1 1
github.com/extmatperez/meli_bootcamp_go_w6-2/internal/seller/service.go:116.2,117.16 2 1
github.com/extmatperez/meli_bootcamp_go_w6-2/internal/seller/service.go:121.2,121.8 1 1
github.com/extmatperez/meli_bootcamp_go_w6-2/internal/seller/service.go:85.16,87.3 1 1
github.com/extmatperez/meli_bootcamp_go_w6-2/internal/seller/service.go:89.16,91.33 1 1
github.com/extmatperez/meli_bootcamp_go_w6-2/internal/seller/service.go:97.3,97.28 1 1
github.com/extmatperez/meli_bootcamp_go_w6-2/internal/seller/service.go:91.33,92.38 1 1
github.com/extmatperez/meli_bootcamp_go_w6-2/internal/seller/service.go:92.38,94.5 1 1
github.com/extmatperez/meli_bootcamp_go_w6-2/internal/seller/service.go:100.24,102.3 1 1
github.com/extmatperez/meli_bootcamp_go_w6-2/internal/seller/service.go:104.20,106.3 1 1
github.com/extmatperez/meli_bootcamp_go_w6-2/internal/seller/service.go:108.22,110.3 1 1
github.com/extmatperez/meli_bootcamp_go_w6-2/internal/seller/service.go:112.24,114.3 1 1
github.com/extmatperez/meli_bootcamp_go_w6-2/internal/seller/service.go:117.16,119.3 1 0
github.com/extmatperez/meli_bootcamp_go_w6-2/internal/warehouse/repository.go:34.43,38.2 1 0
github.com/extmatperez/meli_bootcamp_go_w6-2/internal/warehouse/repository.go:40.78,43.16 3 0
github.com/extmatperez/meli_bootcamp_go_w6-2/internal/warehouse/repository.go:47.2,49.18 2 0
github.com/extmatperez/meli_bootcamp_go_w6-2/internal/warehouse/repository.go:55.2,55.24 1 0
github.com/extmatperez/meli_bootcamp_go_w6-2/internal/warehouse/repository.go:43.16,45.3 1 0
github.com/extmatperez/meli_bootcamp_go_w6-2/internal/warehouse/repository.go:49.18,53.3 3 0
github.com/extmatperez/meli_bootcamp_go_w6-2/internal/warehouse/repository.go:58.81,63.16 5 0
github.com/extmatperez/meli_bootcamp_go_w6-2/internal/warehouse/repository.go:72.2,72.15 1 0
github.com/extmatperez/meli_bootcamp_go_w6-2/internal/warehouse/repository.go:63.16,64.14 1 0
github.com/extmatperez/meli_bootcamp_go_w6-2/internal/warehouse/repository.go:65.22,66.42 1 0
github.com/extmatperez/meli_bootcamp_go_w6-2/internal/warehouse/repository.go:67.11,68.42 1 0
github.com/extmatperez/meli_bootcamp_go_w6-2/internal/warehouse/repository.go:75.77,80.2 4 0
github.com/extmatperez/meli_bootcamp_go_w6-2/internal/warehouse/repository.go:82.81,85.16 3 0
github.com/extmatperez/meli_bootcamp_go_w6-2/internal/warehouse/repository.go:89.2,90.16 2 0
github.com/extmatperez/meli_bootcamp_go_w6-2/internal/warehouse/repository.go:94.2,95.16 2 0
github.com/extmatperez/meli_bootcamp_go_w6-2/internal/warehouse/repository.go:99.2,99.21 1 0
github.com/extmatperez/meli_bootcamp_go_w6-2/internal/warehouse/repository.go:85.16,87.3 1 0
github.com/extmatperez/meli_bootcamp_go_w6-2/internal/warehouse/repository.go:90.16,92.3 1 0
github.com/extmatperez/meli_bootcamp_go_w6-2/internal/warehouse/repository.go:95.16,97.3 1 0
github.com/extmatperez/meli_bootcamp_go_w6-2/internal/warehouse/repository.go:102.76,105.16 3 0
github.com/extmatperez/meli_bootcamp_go_w6-2/internal/warehouse/repository.go:109.2,110.16 2 0
github.com/extmatperez/meli_bootcamp_go_w6-2/internal/warehouse/repository.go:114.2,115.16 2 0
github.com/extmatperez/meli_bootcamp_go_w6-2/internal/warehouse/repository.go:119.2,119.12 1 0
github.com/extmatperez/meli_bootcamp_go_w6-2/internal/warehouse/repository.go:105.16,107.3 1 0
github.com/extmatperez/meli_bootcamp_go_w6-2/internal/warehouse/repository.go:110.16,112.3 1 0
github.com/extmatperez/meli_bootcamp_go_w6-2/internal/warehouse/repository.go:115.16,117.3 1 0
github.com/extmatperez/meli_bootcamp_go_w6-2/internal/warehouse/repository.go:122.64,125.16 3 0
github.com/extmatperez/meli_bootcamp_go_w6-2/internal/warehouse/repository.go:129.2,130.16 2 0
github.com/extmatperez/meli_bootcamp_go_w6-2/internal/warehouse/repository.go:134.2,135.16 2 0
github.com/extmatperez/meli_bootcamp_go_w6-2/internal/warehouse/repository.go:139.2,139.16 1 0
github.com/extmatperez/meli_bootcamp_go_w6-2/internal/warehouse/repository.go:143.2,143.12 1 0
github.com/extmatperez/meli_bootcamp_go_w6-2/internal/warehouse/repository.go:125.16,127.3 1 0
github.com/extmatperez/meli_bootcamp_go_w6-2/internal/warehouse/repository.go:130.16,132.3 1 0
github.com/extmatperez/meli_bootcamp_go_w6-2/internal/warehouse/repository.go:135.16,137.3 1 0
github.com/extmatperez/meli_bootcamp_go_w6-2/internal/warehouse/repository.go:139.16,141.3 1 0
github.com/extmatperez/meli_bootcamp_go_w6-2/internal/warehouse/repository_mock.go:17.76,18.32 1 1
github.com/extmatperez/meli_bootcamp_go_w6-2/internal/warehouse/repository_mock.go:21.2,21.30 1 1
github.com/extmatperez/meli_bootcamp_go_w6-2/internal/warehouse/repository_mock.go:18.32,20.3 1 1
github.com/extmatperez/meli_bootcamp_go_w6-2/internal/warehouse/repository_mock.go:24.79,25.32 1 1
github.com/extmatperez/meli_bootcamp_go_w6-2/internal/warehouse/repository_mock.go:28.2,28.29 1 1
github.com/extmatperez/meli_bootcamp_go_w6-2/internal/warehouse/repository_mock.go:25.32,27.3 1 1
github.com/extmatperez/meli_bootcamp_go_w6-2/internal/warehouse/repository_mock.go:31.75,33.2 1 1
github.com/extmatperez/meli_bootcamp_go_w6-2/internal/warehouse/repository_mock.go:35.79,36.32 1 1
github.com/extmatperez/meli_bootcamp_go_w6-2/internal/warehouse/repository_mock.go:39.2,39.15 1 1
github.com/extmatperez/meli_bootcamp_go_w6-2/internal/warehouse/repository_mock.go:36.32,38.3 1 1
github.com/extmatperez/meli_bootcamp_go_w6-2/internal/warehouse/repository_mock.go:42.74,43.30 1 1
github.com/extmatperez/meli_bootcamp_go_w6-2/internal/warehouse/repository_mock.go:46.2,46.12 1 1
github.com/extmatperez/meli_bootcamp_go_w6-2/internal/warehouse/repository_mock.go:43.30,45.3 1 1
github.com/extmatperez/meli_bootcamp_go_w6-2/internal/warehouse/repository_mock.go:49.62,50.32 1 1
github.com/extmatperez/meli_bootcamp_go_w6-2/internal/warehouse/repository_mock.go:53.2,53.12 1 1
github.com/extmatperez/meli_bootcamp_go_w6-2/internal/warehouse/repository_mock.go:50.32,52.3 1 1
github.com/extmatperez/meli_bootcamp_go_w6-2/internal/warehouse/service.go:22.39,26.2 1 1
github.com/extmatperez/meli_bootcamp_go_w6-2/internal/warehouse/service.go:30.78,32.16 2 1
github.com/extmatperez/meli_bootcamp_go_w6-2/internal/warehouse/service.go:35.2,35.23 1 1
github.com/extmatperez/meli_bootcamp_go_w6-2/internal/warehouse/service.go:32.16,34.3 1 1
github.com/extmatperez/meli_bootcamp_go_w6-2/internal/warehouse/service.go:40.75,42.16 2 1
github.com/extmatperez/meli_bootcamp_go_w6-2/internal/warehouse/service.go:45.2,45.24 1 1
github.com/extmatperez/meli_bootcamp_go_w6-2/internal/warehouse/service.go:42.16,44.3 1 1
github.com/extmatperez/meli_bootcamp_go_w6-2/internal/warehouse/service.go:51.174,53.21 2 1
github.com/extmatperez/meli_bootcamp_go_w6-2/internal/warehouse/service.go:57.2,65.16 3 1
github.com/extmatperez/meli_bootcamp_go_w6-2/internal/warehouse/service.go:69.2,70.23 2 1
github.com/extmatperez/meli_bootcamp_go_w6-2/internal/warehouse/service.go:53.21,55.3 1 1
github.com/extmatperez/meli_bootcamp_go_w6-2/internal/warehouse/service.go:65.16,67.3 1 1
github.com/extmatperez/meli_bootcamp_go_w6-2/internal/warehouse/service.go:76.61,78.16 2 1
github.com/extmatperez/meli_bootcamp_go_w6-2/internal/warehouse/service.go:81.2,81.12 1 1
github.com/extmatperez/meli_bootcamp_go_w6-2/internal/warehouse/service.go:78.16,80.3 1 1
github.com/extmatperez/meli_bootcamp_go_w6-2/internal/warehouse/service.go:89.187,92.16 2 1
github.com/extmatperez/meli_bootcamp_go_w6-2/internal/warehouse/service.go:97.2,97.26 1 1
github.com/extmatperez/meli_bootcamp_go_w6-2/internal/warehouse/service.go:108.2,108.20 1 1
github.com/extmatperez/meli_bootcamp_go_w6-2/internal/warehouse/service.go:111.2,111.22 1 1
github.com/extmatperez/meli_bootcamp_go_w6-2/internal/warehouse/service.go:114.2,114.28 1 1
github.com/extmatperez/meli_bootcamp_go_w6-2/internal/warehouse/service.go:117.2,117.31 1 1
github.com/extmatperez/meli_bootcamp_go_w6-2/internal/warehouse/service.go:122.2,123.16 2 1
github.com/extmatperez/meli_bootcamp_go_w6-2/internal/warehouse/service.go:126.2,126.23 1 1
github.com/extmatperez/meli_bootcamp_go_w6-2/internal/warehouse/service.go:92.16,94.3 1 1
github.com/extmatperez/meli_bootcamp_go_w6-2/internal/warehouse/service.go:97.26,98.48 1 1
github.com/extmatperez/meli_bootcamp_go_w6-2/internal/warehouse/service.go:104.3,104.43 1 1
github.com/extmatperez/meli_bootcamp_go_w6-2/internal/warehouse/service.go:98.48,100.23 2 1
github.com/extmatperez/meli_bootcamp_go_w6-2/internal/warehouse/service.go:100.23,102.5 1 1
github.com/extmatperez/meli_bootcamp_go_w6-2/internal/warehouse/service.go:108.20,110.3 1 1
github.com/extmatperez/meli_bootcamp_go_w6-2/internal/warehouse/service.go:111.22,113.3 1 1
github.com/extmatperez/meli_bootcamp_go_w6-2/internal/warehouse/service.go:114.28,116.3 1 1
github.com/extmatperez/meli_bootcamp_go_w6-2/internal/warehouse/service.go:117.31,119.3 1 1
github.com/extmatperez/meli_bootcamp_go_w6-2/internal/warehouse/service.go:123.16,125.3 1 1
